2022-09-29 00:54:54 error: email must be an email
2022-09-29 00:55:36 error: email must be an email
2022-09-29 00:56:50 error: email must be an email
2022-09-29 00:57:00 error: email must be an email
2022-09-29 00:57:01 error: email must be an email
2022-09-29 00:57:01 error: email must be an email
2022-09-29 00:57:02 error: email must be an email
2022-09-29 00:57:06 error: email must be an email
2022-09-29 00:57:07 error: email must be an email
2022-09-29 00:57:07 error: email must be an email
2022-09-29 00:57:07 error: email must be an email
2022-09-29 01:19:46 error: uncaughtException: Cannot find module '@/interfaces/raffles.interface'
Require stack:
- /app/src/entities/tickets.entity.ts
- /app/src/entities/raffles.entity.ts
- /app/src/repositories/raffles.repository.ts
- /app/src/resolvers/raffles.resolver.ts
- /app/src/server.ts
Error: Cannot find module '@/interfaces/raffles.interface'
Require stack:
- /app/src/entities/tickets.entity.ts
- /app/src/entities/raffles.entity.ts
- /app/src/repositories/raffles.repository.ts
- /app/src/resolvers/raffles.resolver.ts
- /app/src/server.ts
    at Function.Module._resolveFilename (internal/modules/cjs/loader.js:880:15)
    at Function.Module._resolveFilename.sharedData.moduleResolveFilenameHook.installedValue (/app/node_modules/.pnpm/@cspotcode+source-map-support@0.8.1/node_modules/@cspotcode/source-map-support/source-map-support.js:811:30)
    at Function.Module._resolveFilename (/app/node_modules/.pnpm/tsconfig-paths@4.1.0/node_modules/tsconfig-paths/src/register.ts:115:36)
    at Function.Module._load (internal/modules/cjs/loader.js:725:27)
    at Module.require (internal/modules/cjs/loader.js:952:19)
    at require (internal/modules/cjs/helpers.js:88:18)
    at Object.<anonymous> (/app/src/entities/tickets.entity.ts:3:1)
    at Module._compile (internal/modules/cjs/loader.js:1063:30)
    at Module.m._compile (/app/node_modules/.pnpm/ts-node@10.9.1_gj2m7dhkfp22rdv4cb6jpqoqey/node_modules/ts-node/src/index.ts:1618:23)
    at Module._extensions..js (internal/modules/cjs/loader.js:1092:10)
2022-09-29 01:22:11 error: uncaughtException: Cannot find module '@/interfaces/raffles.interface'
Require stack:
- /app/src/entities/tickets.entity.ts
- /app/src/entities/raffles.entity.ts
- /app/src/repositories/raffles.repository.ts
- /app/src/resolvers/raffles.resolver.ts
- /app/src/server.ts
Error: Cannot find module '@/interfaces/raffles.interface'
Require stack:
- /app/src/entities/tickets.entity.ts
- /app/src/entities/raffles.entity.ts
- /app/src/repositories/raffles.repository.ts
- /app/src/resolvers/raffles.resolver.ts
- /app/src/server.ts
    at Function.Module._resolveFilename (internal/modules/cjs/loader.js:880:15)
    at Function.Module._resolveFilename.sharedData.moduleResolveFilenameHook.installedValue (/app/node_modules/.pnpm/@cspotcode+source-map-support@0.8.1/node_modules/@cspotcode/source-map-support/source-map-support.js:811:30)
    at Function.Module._resolveFilename (/app/node_modules/.pnpm/tsconfig-paths@4.1.0/node_modules/tsconfig-paths/src/register.ts:115:36)
    at Function.Module._load (internal/modules/cjs/loader.js:725:27)
    at Module.require (internal/modules/cjs/loader.js:952:19)
    at require (internal/modules/cjs/helpers.js:88:18)
    at Object.<anonymous> (/app/src/entities/tickets.entity.ts:3:1)
    at Module._compile (internal/modules/cjs/loader.js:1063:30)
    at Module.m._compile (/app/node_modules/.pnpm/ts-node@10.9.1_gj2m7dhkfp22rdv4cb6jpqoqey/node_modules/ts-node/src/index.ts:1618:23)
    at Module._extensions..js (internal/modules/cjs/loader.js:1092:10)
2022-09-29 01:22:42 error: uncaughtException: Cannot find module '@/interfaces/raffles.interface'
Require stack:
- /app/src/entities/tickets.entity.ts
- /app/src/entities/raffles.entity.ts
- /app/src/repositories/raffles.repository.ts
- /app/src/resolvers/raffles.resolver.ts
- /app/src/server.ts
Error: Cannot find module '@/interfaces/raffles.interface'
Require stack:
- /app/src/entities/tickets.entity.ts
- /app/src/entities/raffles.entity.ts
- /app/src/repositories/raffles.repository.ts
- /app/src/resolvers/raffles.resolver.ts
- /app/src/server.ts
    at Function.Module._resolveFilename (internal/modules/cjs/loader.js:880:15)
    at Function.Module._resolveFilename.sharedData.moduleResolveFilenameHook.installedValue (/app/node_modules/.pnpm/@cspotcode+source-map-support@0.8.1/node_modules/@cspotcode/source-map-support/source-map-support.js:811:30)
    at Function.Module._resolveFilename (/app/node_modules/.pnpm/tsconfig-paths@4.1.0/node_modules/tsconfig-paths/src/register.ts:115:36)
    at Function.Module._load (internal/modules/cjs/loader.js:725:27)
    at Module.require (internal/modules/cjs/loader.js:952:19)
    at require (internal/modules/cjs/helpers.js:88:18)
    at Object.<anonymous> (/app/src/entities/tickets.entity.ts:3:1)
    at Module._compile (internal/modules/cjs/loader.js:1063:30)
    at Module.m._compile (/app/node_modules/.pnpm/ts-node@10.9.1_gj2m7dhkfp22rdv4cb6jpqoqey/node_modules/ts-node/src/index.ts:1618:23)
    at Module._extensions..js (internal/modules/cjs/loader.js:1092:10)
2022-09-29 01:23:01 error: uncaughtException: Cannot find module '@/interfaces/raffles.interface'
Require stack:
- /app/src/entities/tickets.entity.ts
- /app/src/entities/raffles.entity.ts
- /app/src/repositories/raffles.repository.ts
- /app/src/resolvers/raffles.resolver.ts
- /app/src/server.ts
Error: Cannot find module '@/interfaces/raffles.interface'
Require stack:
- /app/src/entities/tickets.entity.ts
- /app/src/entities/raffles.entity.ts
- /app/src/repositories/raffles.repository.ts
- /app/src/resolvers/raffles.resolver.ts
- /app/src/server.ts
    at Function.Module._resolveFilename (internal/modules/cjs/loader.js:880:15)
    at Function.Module._resolveFilename.sharedData.moduleResolveFilenameHook.installedValue (/app/node_modules/.pnpm/@cspotcode+source-map-support@0.8.1/node_modules/@cspotcode/source-map-support/source-map-support.js:811:30)
    at Function.Module._resolveFilename (/app/node_modules/.pnpm/tsconfig-paths@4.1.0/node_modules/tsconfig-paths/src/register.ts:115:36)
    at Function.Module._load (internal/modules/cjs/loader.js:725:27)
    at Module.require (internal/modules/cjs/loader.js:952:19)
    at require (internal/modules/cjs/helpers.js:88:18)
    at Object.<anonymous> (/app/src/entities/tickets.entity.ts:3:1)
    at Module._compile (internal/modules/cjs/loader.js:1063:30)
    at Module.m._compile (/app/node_modules/.pnpm/ts-node@10.9.1_gj2m7dhkfp22rdv4cb6jpqoqey/node_modules/ts-node/src/index.ts:1618:23)
    at Module._extensions..js (internal/modules/cjs/loader.js:1092:10)
2022-09-29 01:23:16 error: uncaughtException: Cannot find module '@/interfaces/raffles.interface'
Require stack:
- /app/src/entities/tickets.entity.ts
- /app/src/entities/raffles.entity.ts
- /app/src/repositories/raffles.repository.ts
- /app/src/resolvers/raffles.resolver.ts
- /app/src/server.ts
Error: Cannot find module '@/interfaces/raffles.interface'
Require stack:
- /app/src/entities/tickets.entity.ts
- /app/src/entities/raffles.entity.ts
- /app/src/repositories/raffles.repository.ts
- /app/src/resolvers/raffles.resolver.ts
- /app/src/server.ts
    at Function.Module._resolveFilename (internal/modules/cjs/loader.js:880:15)
    at Function.Module._resolveFilename.sharedData.moduleResolveFilenameHook.installedValue (/app/node_modules/.pnpm/@cspotcode+source-map-support@0.8.1/node_modules/@cspotcode/source-map-support/source-map-support.js:811:30)
    at Function.Module._resolveFilename (/app/node_modules/.pnpm/tsconfig-paths@4.1.0/node_modules/tsconfig-paths/src/register.ts:115:36)
    at Function.Module._load (internal/modules/cjs/loader.js:725:27)
    at Module.require (internal/modules/cjs/loader.js:952:19)
    at require (internal/modules/cjs/helpers.js:88:18)
    at Object.<anonymous> (/app/src/entities/tickets.entity.ts:3:1)
    at Module._compile (internal/modules/cjs/loader.js:1063:30)
    at Module.m._compile (/app/node_modules/.pnpm/ts-node@10.9.1_gj2m7dhkfp22rdv4cb6jpqoqey/node_modules/ts-node/src/index.ts:1618:23)
    at Module._extensions..js (internal/modules/cjs/loader.js:1092:10)
2022-09-29 01:23:31 error: uncaughtException: Cannot find module '@/interfaces/raffles.interface'
Require stack:
- /app/src/entities/tickets.entity.ts
- /app/src/entities/raffles.entity.ts
- /app/src/repositories/raffles.repository.ts
- /app/src/resolvers/raffles.resolver.ts
- /app/src/server.ts
Error: Cannot find module '@/interfaces/raffles.interface'
Require stack:
- /app/src/entities/tickets.entity.ts
- /app/src/entities/raffles.entity.ts
- /app/src/repositories/raffles.repository.ts
- /app/src/resolvers/raffles.resolver.ts
- /app/src/server.ts
    at Function.Module._resolveFilename (internal/modules/cjs/loader.js:880:15)
    at Function.Module._resolveFilename.sharedData.moduleResolveFilenameHook.installedValue (/app/node_modules/.pnpm/@cspotcode+source-map-support@0.8.1/node_modules/@cspotcode/source-map-support/source-map-support.js:811:30)
    at Function.Module._resolveFilename (/app/node_modules/.pnpm/tsconfig-paths@4.1.0/node_modules/tsconfig-paths/src/register.ts:115:36)
    at Function.Module._load (internal/modules/cjs/loader.js:725:27)
    at Module.require (internal/modules/cjs/loader.js:952:19)
    at require (internal/modules/cjs/helpers.js:88:18)
    at Object.<anonymous> (/app/src/entities/tickets.entity.ts:3:1)
    at Module._compile (internal/modules/cjs/loader.js:1063:30)
    at Module.m._compile (/app/node_modules/.pnpm/ts-node@10.9.1_gj2m7dhkfp22rdv4cb6jpqoqey/node_modules/ts-node/src/index.ts:1618:23)
    at Module._extensions..js (internal/modules/cjs/loader.js:1092:10)
2022-09-29 01:23:51 error: uncaughtException: Cannot find module '@/interfaces/raffles.interface'
Require stack:
- /app/src/entities/tickets.entity.ts
- /app/src/entities/raffles.entity.ts
- /app/src/repositories/raffles.repository.ts
- /app/src/resolvers/raffles.resolver.ts
- /app/src/server.ts
Error: Cannot find module '@/interfaces/raffles.interface'
Require stack:
- /app/src/entities/tickets.entity.ts
- /app/src/entities/raffles.entity.ts
- /app/src/repositories/raffles.repository.ts
- /app/src/resolvers/raffles.resolver.ts
- /app/src/server.ts
    at Function.Module._resolveFilename (internal/modules/cjs/loader.js:880:15)
    at Function.Module._resolveFilename.sharedData.moduleResolveFilenameHook.installedValue (/app/node_modules/.pnpm/@cspotcode+source-map-support@0.8.1/node_modules/@cspotcode/source-map-support/source-map-support.js:811:30)
    at Function.Module._resolveFilename (/app/node_modules/.pnpm/tsconfig-paths@4.1.0/node_modules/tsconfig-paths/src/register.ts:115:36)
    at Function.Module._load (internal/modules/cjs/loader.js:725:27)
    at Module.require (internal/modules/cjs/loader.js:952:19)
    at require (internal/modules/cjs/helpers.js:88:18)
    at Object.<anonymous> (/app/src/entities/tickets.entity.ts:3:1)
    at Module._compile (internal/modules/cjs/loader.js:1063:30)
    at Module.m._compile (/app/node_modules/.pnpm/ts-node@10.9.1_gj2m7dhkfp22rdv4cb6jpqoqey/node_modules/ts-node/src/index.ts:1618:23)
    at Module._extensions..js (internal/modules/cjs/loader.js:1092:10)
2022-09-29 01:25:12 error: uncaughtException: Cannot find module 'interfaces'
Require stack:
- /app/src/entities/tickets.entity.ts
- /app/src/entities/raffles.entity.ts
- /app/src/repositories/raffles.repository.ts
- /app/src/resolvers/raffles.resolver.ts
- /app/src/server.ts
Error: Cannot find module 'interfaces'
Require stack:
- /app/src/entities/tickets.entity.ts
- /app/src/entities/raffles.entity.ts
- /app/src/repositories/raffles.repository.ts
- /app/src/resolvers/raffles.resolver.ts
- /app/src/server.ts
    at Function.Module._resolveFilename (internal/modules/cjs/loader.js:880:15)
    at Function.Module._resolveFilename.sharedData.moduleResolveFilenameHook.installedValue (/app/node_modules/.pnpm/@cspotcode+source-map-support@0.8.1/node_modules/@cspotcode/source-map-support/source-map-support.js:811:30)
    at Function.Module._resolveFilename (/app/node_modules/.pnpm/tsconfig-paths@4.1.0/node_modules/tsconfig-paths/src/register.ts:115:36)
    at Function.Module._load (internal/modules/cjs/loader.js:725:27)
    at Module.require (internal/modules/cjs/loader.js:952:19)
    at require (internal/modules/cjs/helpers.js:88:18)
    at Object.<anonymous> (/app/src/entities/tickets.entity.ts:6:1)
    at Module._compile (internal/modules/cjs/loader.js:1063:30)
    at Module.m._compile (/app/node_modules/.pnpm/ts-node@10.9.1_gj2m7dhkfp22rdv4cb6jpqoqey/node_modules/ts-node/src/index.ts:1618:23)
    at Module._extensions..js (internal/modules/cjs/loader.js:1092:10)
2022-09-29 01:25:29 error: uncaughtException: Cannot find module 'interfaces'
Require stack:
- /app/src/entities/tickets.entity.ts
- /app/src/entities/raffles.entity.ts
- /app/src/repositories/raffles.repository.ts
- /app/src/resolvers/raffles.resolver.ts
- /app/src/server.ts
Error: Cannot find module 'interfaces'
Require stack:
- /app/src/entities/tickets.entity.ts
- /app/src/entities/raffles.entity.ts
- /app/src/repositories/raffles.repository.ts
- /app/src/resolvers/raffles.resolver.ts
- /app/src/server.ts
    at Function.Module._resolveFilename (internal/modules/cjs/loader.js:880:15)
    at Function.Module._resolveFilename.sharedData.moduleResolveFilenameHook.installedValue (/app/node_modules/.pnpm/@cspotcode+source-map-support@0.8.1/node_modules/@cspotcode/source-map-support/source-map-support.js:811:30)
    at Function.Module._resolveFilename (/app/node_modules/.pnpm/tsconfig-paths@4.1.0/node_modules/tsconfig-paths/src/register.ts:115:36)
    at Function.Module._load (internal/modules/cjs/loader.js:725:27)
    at Module.require (internal/modules/cjs/loader.js:952:19)
    at require (internal/modules/cjs/helpers.js:88:18)
    at Object.<anonymous> (/app/src/entities/tickets.entity.ts:6:1)
    at Module._compile (internal/modules/cjs/loader.js:1063:30)
    at Module.m._compile (/app/node_modules/.pnpm/ts-node@10.9.1_gj2m7dhkfp22rdv4cb6jpqoqey/node_modules/ts-node/src/index.ts:1618:23)
    at Module._extensions..js (internal/modules/cjs/loader.js:1092:10)
2022-09-29 01:25:35 error: uncaughtException: Cannot find module 'interfaces'
Require stack:
- /app/src/entities/tickets.entity.ts
- /app/src/entities/raffles.entity.ts
- /app/src/repositories/raffles.repository.ts
- /app/src/resolvers/raffles.resolver.ts
- /app/src/server.ts
Error: Cannot find module 'interfaces'
Require stack:
- /app/src/entities/tickets.entity.ts
- /app/src/entities/raffles.entity.ts
- /app/src/repositories/raffles.repository.ts
- /app/src/resolvers/raffles.resolver.ts
- /app/src/server.ts
    at Function.Module._resolveFilename (internal/modules/cjs/loader.js:880:15)
    at Function.Module._resolveFilename.sharedData.moduleResolveFilenameHook.installedValue (/app/node_modules/.pnpm/@cspotcode+source-map-support@0.8.1/node_modules/@cspotcode/source-map-support/source-map-support.js:811:30)
    at Function.Module._resolveFilename (/app/node_modules/.pnpm/tsconfig-paths@4.1.0/node_modules/tsconfig-paths/src/register.ts:115:36)
    at Function.Module._load (internal/modules/cjs/loader.js:725:27)
    at Module.require (internal/modules/cjs/loader.js:952:19)
    at require (internal/modules/cjs/helpers.js:88:18)
    at Object.<anonymous> (/app/src/entities/tickets.entity.ts:6:1)
    at Module._compile (internal/modules/cjs/loader.js:1063:30)
    at Module.m._compile (/app/node_modules/.pnpm/ts-node@10.9.1_gj2m7dhkfp22rdv4cb6jpqoqey/node_modules/ts-node/src/index.ts:1618:23)
    at Module._extensions..js (internal/modules/cjs/loader.js:1092:10)
2022-09-29 01:25:53 error: uncaughtException: Cannot find module 'interfaces'
Require stack:
- /app/src/entities/tickets.entity.ts
- /app/src/entities/raffles.entity.ts
- /app/src/repositories/raffles.repository.ts
- /app/src/resolvers/raffles.resolver.ts
- /app/src/server.ts
Error: Cannot find module 'interfaces'
Require stack:
- /app/src/entities/tickets.entity.ts
- /app/src/entities/raffles.entity.ts
- /app/src/repositories/raffles.repository.ts
- /app/src/resolvers/raffles.resolver.ts
- /app/src/server.ts
    at Function.Module._resolveFilename (internal/modules/cjs/loader.js:880:15)
    at Function.Module._resolveFilename.sharedData.moduleResolveFilenameHook.installedValue (/app/node_modules/.pnpm/@cspotcode+source-map-support@0.8.1/node_modules/@cspotcode/source-map-support/source-map-support.js:811:30)
    at Function.Module._resolveFilename (/app/node_modules/.pnpm/tsconfig-paths@4.1.0/node_modules/tsconfig-paths/src/register.ts:115:36)
    at Function.Module._load (internal/modules/cjs/loader.js:725:27)
    at Module.require (internal/modules/cjs/loader.js:952:19)
    at require (internal/modules/cjs/helpers.js:88:18)
    at Object.<anonymous> (/app/src/entities/tickets.entity.ts:6:1)
    at Module._compile (internal/modules/cjs/loader.js:1063:30)
    at Module.m._compile (/app/node_modules/.pnpm/ts-node@10.9.1_gj2m7dhkfp22rdv4cb6jpqoqey/node_modules/ts-node/src/index.ts:1618:23)
    at Module._extensions..js (internal/modules/cjs/loader.js:1092:10)
2022-09-29 01:28:07 error: uncaughtException: Cannot find module 'interfaces'
Require stack:
- /app/src/entities/tickets.entity.ts
- /app/src/entities/raffles.entity.ts
- /app/src/repositories/raffles.repository.ts
- /app/src/resolvers/raffles.resolver.ts
- /app/src/server.ts
Error: Cannot find module 'interfaces'
Require stack:
- /app/src/entities/tickets.entity.ts
- /app/src/entities/raffles.entity.ts
- /app/src/repositories/raffles.repository.ts
- /app/src/resolvers/raffles.resolver.ts
- /app/src/server.ts
    at Function.Module._resolveFilename (internal/modules/cjs/loader.js:880:15)
    at Function.Module._resolveFilename.sharedData.moduleResolveFilenameHook.installedValue (/app/node_modules/.pnpm/@cspotcode+source-map-support@0.8.1/node_modules/@cspotcode/source-map-support/source-map-support.js:811:30)
    at Function.Module._resolveFilename (/app/node_modules/.pnpm/tsconfig-paths@4.1.0/node_modules/tsconfig-paths/src/register.ts:115:36)
    at Function.Module._load (internal/modules/cjs/loader.js:725:27)
    at Module.require (internal/modules/cjs/loader.js:952:19)
    at require (internal/modules/cjs/helpers.js:88:18)
    at Object.<anonymous> (/app/src/entities/tickets.entity.ts:6:1)
    at Module._compile (internal/modules/cjs/loader.js:1063:30)
    at Module.m._compile (/app/node_modules/.pnpm/ts-node@10.9.1_gj2m7dhkfp22rdv4cb6jpqoqey/node_modules/ts-node/src/index.ts:1618:23)
    at Module._extensions..js (internal/modules/cjs/loader.js:1092:10)
2022-09-29 01:38:04 error: uncaughtException: Cannot find module 'interfaces'
Require stack:
- /app/src/entities/tickets.entity.ts
- /app/src/entities/raffles.entity.ts
- /app/src/repositories/raffles.repository.ts
- /app/src/resolvers/raffles.resolver.ts
- /app/src/server.ts
Error: Cannot find module 'interfaces'
Require stack:
- /app/src/entities/tickets.entity.ts
- /app/src/entities/raffles.entity.ts
- /app/src/repositories/raffles.repository.ts
- /app/src/resolvers/raffles.resolver.ts
- /app/src/server.ts
    at Function.Module._resolveFilename (internal/modules/cjs/loader.js:880:15)
    at Function.Module._resolveFilename.sharedData.moduleResolveFilenameHook.installedValue (/app/node_modules/.pnpm/@cspotcode+source-map-support@0.8.1/node_modules/@cspotcode/source-map-support/source-map-support.js:811:30)
    at Function.Module._resolveFilename (/app/node_modules/.pnpm/tsconfig-paths@4.1.0/node_modules/tsconfig-paths/src/register.ts:115:36)
    at Function.Module._load (internal/modules/cjs/loader.js:725:27)
    at Module.require (internal/modules/cjs/loader.js:952:19)
    at require (internal/modules/cjs/helpers.js:88:18)
    at Object.<anonymous> (/app/src/entities/tickets.entity.ts:6:1)
    at Module._compile (internal/modules/cjs/loader.js:1063:30)
    at Module.m._compile (/app/node_modules/.pnpm/ts-node@10.9.1_gj2m7dhkfp22rdv4cb6jpqoqey/node_modules/ts-node/src/index.ts:1618:23)
    at Module._extensions..js (internal/modules/cjs/loader.js:1092:10)
2022-09-29 01:49:12 error: uncaughtException: Cannot find module 'interfaces'
Require stack:
- /app/src/entities/tickets.entity.ts
- /app/src/entities/raffles.entity.ts
- /app/src/repositories/raffles.repository.ts
- /app/src/resolvers/raffles.resolver.ts
- /app/src/server.ts
Error: Cannot find module 'interfaces'
Require stack:
- /app/src/entities/tickets.entity.ts
- /app/src/entities/raffles.entity.ts
- /app/src/repositories/raffles.repository.ts
- /app/src/resolvers/raffles.resolver.ts
- /app/src/server.ts
    at Function.Module._resolveFilename (internal/modules/cjs/loader.js:880:15)
    at Function.Module._resolveFilename.sharedData.moduleResolveFilenameHook.installedValue (/app/node_modules/.pnpm/@cspotcode+source-map-support@0.8.1/node_modules/@cspotcode/source-map-support/source-map-support.js:811:30)
    at Function.Module._resolveFilename (/app/node_modules/.pnpm/tsconfig-paths@4.1.0/node_modules/tsconfig-paths/src/register.ts:115:36)
    at Function.Module._load (internal/modules/cjs/loader.js:725:27)
    at Module.require (internal/modules/cjs/loader.js:952:19)
    at require (internal/modules/cjs/helpers.js:88:18)
    at Object.<anonymous> (/app/src/entities/tickets.entity.ts:6:1)
    at Module._compile (internal/modules/cjs/loader.js:1063:30)
    at Module.m._compile (/app/node_modules/.pnpm/ts-node@10.9.1_gj2m7dhkfp22rdv4cb6jpqoqey/node_modules/ts-node/src/index.ts:1618:23)
    at Module._extensions..js (internal/modules/cjs/loader.js:1092:10)
2022-09-29 14:39:37 error: This email aer@rea.it already exists
2022-09-29 14:39:38 error: This email aer@rea.it already exists
2022-09-29 14:39:38 error: This email aer@rea.it already exists
2022-09-29 14:40:29 error: User doesn't exist
2022-09-29 14:40:39 error: User doesn't exist
2022-09-29 14:40:39 error: User doesn't exist
2022-09-29 14:43:18 error: This email sa@we.leb already exists
2022-09-29 14:44:17 error: This email sa@we.leb already exists
2022-09-29 17:11:12 error: email must be an email
2022-09-29 17:11:57 error: email must be an email
2022-09-29 17:25:00 error: Context creation failed: Error: Wrong authentication token
2022-09-29 17:25:30 error: Context creation failed: Error: Wrong authentication token
2022-09-29 17:26:14 error: Context creation failed: Error: Wrong authentication token
2022-09-29 17:26:38 error: Context creation failed: Error: Wrong authentication token
