2022-09-16 01:09:01 info: =================================
2022-09-16 01:09:01 info: ======= ENV: development =======
2022-09-16 01:09:01 info: 🚀 App listening on the port 3005
2022-09-16 01:09:01 info: 🎮 http://localhost:3005/graphql
2022-09-16 01:09:01 info: =================================
2022-09-16 01:14:53 info: =================================
2022-09-16 01:14:53 info: ======= ENV: development =======
2022-09-16 01:14:53 info: 🚀 App listening on the port 3005
2022-09-16 01:14:53 info: 🎮 http://localhost:3005/graphql
2022-09-16 01:14:53 info: =================================
2022-09-16 01:15:53 info: =================================
2022-09-16 01:15:53 info: ======= ENV: development =======
2022-09-16 01:15:53 info: 🚀 App listening on the port 3005
2022-09-16 01:15:53 info: 🎮 http://localhost:3005/graphql
2022-09-16 01:15:53 info: =================================
2022-09-16 01:23:53 info: =================================
2022-09-16 01:23:53 info: ======= ENV: development =======
2022-09-16 01:23:53 info: 🚀 App listening on the port 3005
2022-09-16 01:23:53 info: 🎮 http://localhost:3005/graphql
2022-09-16 01:23:53 info: =================================
2022-09-16 01:29:42 info: =================================
2022-09-16 01:29:42 info: ======= ENV: development =======
2022-09-16 01:29:42 info: 🚀 App listening on the port 3005
2022-09-16 01:29:42 info: 🎮 http://localhost:3005/graphql
2022-09-16 01:29:42 info: =================================
2022-09-16 01:30:18 info: authMiddleware
2022-09-16 01:30:18 info: 
    query IntrospectionQuery {
      __schema {
        
        queryType { name }
        mutationType { name }
        subscriptionType { name }
        types {
          ...FullType
        }
        directives {
          name
          description
          
          locations
          args {
            ...InputValue
          }
        }
      }
    }

    fragment FullType on __Type {
      kind
      name
      description
      
      fields(includeDeprecated: true) {
        name
        description
        args {
          ...InputValue
        }
        type {
          ...TypeRef
        }
        isDeprecated
        deprecationReason
      }
      inputFields {
        ...InputValue
      }
      interfaces {
        ...TypeRef
      }
      enumValues(includeDeprecated: true) {
        name
        description
        isDeprecated
        deprecationReason
      }
      possibleTypes {
        ...TypeRef
      }
    }

    fragment InputValue on __InputValue {
      name
      description
      type { ...TypeRef }
      defaultValue
      
      
    }

    fragment TypeRef on __Type {
      kind
      name
      ofType {
        kind
        name
        ofType {
          kind
          name
          ofType {
            kind
            name
            ofType {
              kind
              name
              ofType {
                kind
                name
                ofType {
                  kind
                  name
                  ofType {
                    kind
                    name
                  }
                }
              }
            }
          }
        }
      }
    }
  
2022-09-16 01:30:19 info: authMiddleware
2022-09-16 01:30:19 info: 
    query IntrospectionQuery {
      __schema {
        
        queryType { name }
        mutationType { name }
        subscriptionType { name }
        types {
          ...FullType
        }
        directives {
          name
          description
          
          locations
          args(includeDeprecated: true) {
            ...InputValue
          }
        }
      }
    }

    fragment FullType on __Type {
      kind
      name
      description
      
      fields(includeDeprecated: true) {
        name
        description
        args(includeDeprecated: true) {
          ...InputValue
        }
        type {
          ...TypeRef
        }
        isDeprecated
        deprecationReason
      }
      inputFields(includeDeprecated: true) {
        ...InputValue
      }
      interfaces {
        ...TypeRef
      }
      enumValues(includeDeprecated: true) {
        name
        description
        isDeprecated
        deprecationReason
      }
      possibleTypes {
        ...TypeRef
      }
    }

    fragment InputValue on __InputValue {
      name
      description
      type { ...TypeRef }
      defaultValue
      isDeprecated
      deprecationReason
    }

    fragment TypeRef on __Type {
      kind
      name
      ofType {
        kind
        name
        ofType {
          kind
          name
          ofType {
            kind
            name
            ofType {
              kind
              name
              ofType {
                kind
                name
                ofType {
                  kind
                  name
                  ofType {
                    kind
                    name
                  }
                }
              }
            }
          }
        }
      }
    }
  
2022-09-16 01:30:24 info: authMiddleware
2022-09-16 01:30:24 info: 
    query IntrospectionQuery {
      __schema {
        
        queryType { name }
        mutationType { name }
        subscriptionType { name }
        types {
          ...FullType
        }
        directives {
          name
          description
          
          locations
          args(includeDeprecated: true) {
            ...InputValue
          }
        }
      }
    }

    fragment FullType on __Type {
      kind
      name
      description
      
      fields(includeDeprecated: true) {
        name
        description
        args(includeDeprecated: true) {
          ...InputValue
        }
        type {
          ...TypeRef
        }
        isDeprecated
        deprecationReason
      }
      inputFields(includeDeprecated: true) {
        ...InputValue
      }
      interfaces {
        ...TypeRef
      }
      enumValues(includeDeprecated: true) {
        name
        description
        isDeprecated
        deprecationReason
      }
      possibleTypes {
        ...TypeRef
      }
    }

    fragment InputValue on __InputValue {
      name
      description
      type { ...TypeRef }
      defaultValue
      isDeprecated
      deprecationReason
    }

    fragment TypeRef on __Type {
      kind
      name
      ofType {
        kind
        name
        ofType {
          kind
          name
          ofType {
            kind
            name
            ofType {
              kind
              name
              ofType {
                kind
                name
                ofType {
                  kind
                  name
                  ofType {
                    kind
                    name
                  }
                }
              }
            }
          }
        }
      }
    }
  
2022-09-16 01:30:25 info: authMiddleware
2022-09-16 01:30:25 info: 
    query IntrospectionQuery {
      __schema {
        
        queryType { name }
        mutationType { name }
        subscriptionType { name }
        types {
          ...FullType
        }
        directives {
          name
          description
          
          locations
          args(includeDeprecated: true) {
            ...InputValue
          }
        }
      }
    }

    fragment FullType on __Type {
      kind
      name
      description
      
      fields(includeDeprecated: true) {
        name
        description
        args(includeDeprecated: true) {
          ...InputValue
        }
        type {
          ...TypeRef
        }
        isDeprecated
        deprecationReason
      }
      inputFields(includeDeprecated: true) {
        ...InputValue
      }
      interfaces {
        ...TypeRef
      }
      enumValues(includeDeprecated: true) {
        name
        description
        isDeprecated
        deprecationReason
      }
      possibleTypes {
        ...TypeRef
      }
    }

    fragment InputValue on __InputValue {
      name
      description
      type { ...TypeRef }
      defaultValue
      isDeprecated
      deprecationReason
    }

    fragment TypeRef on __Type {
      kind
      name
      ofType {
        kind
        name
        ofType {
          kind
          name
          ofType {
            kind
            name
            ofType {
              kind
              name
              ofType {
                kind
                name
                ofType {
                  kind
                  name
                  ofType {
                    kind
                    name
                  }
                }
              }
            }
          }
        }
      }
    }
  
2022-09-16 01:30:54 info: authMiddleware
2022-09-16 01:30:54 error: email must be an email
2022-09-16 01:30:54 info: mutation CreateUser($userData: CreateUserDto!) {
  createUser(userData: $userData) {
  email  
  }
}
2022-09-16 01:31:06 info: authMiddleware
2022-09-16 01:31:06 info: mutation CreateUser($userData: CreateUserDto!) {
  createUser(userData: $userData) {
  email  
  }
}
2022-09-16 01:31:12 info: authMiddleware
2022-09-16 01:31:12 error: This email bob@mail.com already exists
2022-09-16 01:31:12 info: mutation CreateUser($userData: CreateUserDto!) {
  createUser(userData: $userData) {
  email  
  }
}
2022-09-16 01:31:19 info: authMiddleware
2022-09-16 01:31:19 info: mutation CreateUser($userData: CreateUserDto!) {
  createUser(userData: $userData) {
  email  
  }
}
2022-09-16 01:33:40 info: authMiddleware
2022-09-16 01:33:40 info: query Query {
  getUsers {
  email  
  }
}
2022-09-16 01:33:55 info: authMiddleware
2022-09-16 01:33:55 info: query Query {
  getUsers {
  email  
  id
  }
}
2022-09-16 01:34:00 info: authMiddleware
2022-09-16 01:34:00 info: query Query {
  getUsers {
  email  
  id
  password
  }
}
2022-09-16 01:37:32 info: =================================
2022-09-16 01:37:32 info: ======= ENV: development =======
2022-09-16 01:37:32 info: 🚀 App listening on the port 3005
2022-09-16 01:37:32 info: 🎮 http://localhost:3005/graphql
2022-09-16 01:37:32 info: =================================
2022-09-16 01:37:49 info: authMiddleware
2022-09-16 01:37:49 info: query GetUsers {
  getUsers {
  email  
  }
}
2022-09-16 01:40:02 info: authMiddleware
2022-09-16 01:40:02 info: query GetUsers {
  getUsers {
  email  
  }
}
2022-09-16 01:40:06 info: authMiddleware
2022-09-16 01:40:06 info: query GetUsers {
  getUsers {
  email  
  }
}
2022-09-16 01:47:35 info: authMiddleware
2022-09-16 01:47:35 info: query GetUsers {
  getUsers {
  email  
  }
}
2022-09-16 01:52:23 info: =================================
2022-09-16 01:52:23 info: ======= ENV: development =======
2022-09-16 01:52:23 info: 🚀 App listening on the port 3005
2022-09-16 01:52:23 info: 🎮 http://localhost:3005/graphql
2022-09-16 01:52:23 info: =================================
2022-09-16 01:54:54 info: =================================
2022-09-16 01:54:54 info: ======= ENV: development =======
2022-09-16 01:54:54 info: 🚀 App listening on the port 3005
2022-09-16 01:54:54 info: 🎮 http://localhost:3005/graphql
2022-09-16 01:54:54 info: =================================
2022-09-16 01:58:43 info: =================================
2022-09-16 01:58:43 info: ======= ENV: development =======
2022-09-16 01:58:43 info: 🚀 App listening on the port 3005
2022-09-16 01:58:43 info: 🎮 http://localhost:3005/graphql
2022-09-16 01:58:43 info: =================================
2022-09-16 01:59:40 info: =================================
2022-09-16 01:59:40 info: ======= ENV: development =======
2022-09-16 01:59:40 info: 🚀 App listening on the port 3005
2022-09-16 01:59:40 info: 🎮 http://localhost:3005/graphql
2022-09-16 01:59:40 info: =================================
2022-09-16 01:59:56 info: =================================
2022-09-16 01:59:56 info: ======= ENV: development =======
2022-09-16 01:59:56 info: 🚀 App listening on the port 3005
2022-09-16 01:59:56 info: 🎮 http://localhost:3005/graphql
2022-09-16 01:59:56 info: =================================
2022-09-16 02:00:21 info: authMiddleware
2022-09-16 02:00:21 info: query GetUsers {
  getUsers {
  email  
  }
}
2022-09-16 02:32:59 info: authMiddleware
2022-09-16 02:32:59 info: 
    query IntrospectionQuery {
      __schema {
        
        queryType { name }
        mutationType { name }
        subscriptionType { name }
        types {
          ...FullType
        }
        directives {
          name
          description
          
          locations
          args(includeDeprecated: true) {
            ...InputValue
          }
        }
      }
    }

    fragment FullType on __Type {
      kind
      name
      description
      
      fields(includeDeprecated: true) {
        name
        description
        args(includeDeprecated: true) {
          ...InputValue
        }
        type {
          ...TypeRef
        }
        isDeprecated
        deprecationReason
      }
      inputFields(includeDeprecated: true) {
        ...InputValue
      }
      interfaces {
        ...TypeRef
      }
      enumValues(includeDeprecated: true) {
        name
        description
        isDeprecated
        deprecationReason
      }
      possibleTypes {
        ...TypeRef
      }
    }

    fragment InputValue on __InputValue {
      name
      description
      type { ...TypeRef }
      defaultValue
      isDeprecated
      deprecationReason
    }

    fragment TypeRef on __Type {
      kind
      name
      ofType {
        kind
        name
        ofType {
          kind
          name
          ofType {
            kind
            name
            ofType {
              kind
              name
              ofType {
                kind
                name
                ofType {
                  kind
                  name
                  ofType {
                    kind
                    name
                  }
                }
              }
            }
          }
        }
      }
    }
  
2022-09-16 02:33:00 info: authMiddleware
2022-09-16 02:33:00 info: 
    query IntrospectionQuery {
      __schema {
        
        queryType { name }
        mutationType { name }
        subscriptionType { name }
        types {
          ...FullType
        }
        directives {
          name
          description
          
          locations
          args(includeDeprecated: true) {
            ...InputValue
          }
        }
      }
    }

    fragment FullType on __Type {
      kind
      name
      description
      
      fields(includeDeprecated: true) {
        name
        description
        args(includeDeprecated: true) {
          ...InputValue
        }
        type {
          ...TypeRef
        }
        isDeprecated
        deprecationReason
      }
      inputFields(includeDeprecated: true) {
        ...InputValue
      }
      interfaces {
        ...TypeRef
      }
      enumValues(includeDeprecated: true) {
        name
        description
        isDeprecated
        deprecationReason
      }
      possibleTypes {
        ...TypeRef
      }
    }

    fragment InputValue on __InputValue {
      name
      description
      type { ...TypeRef }
      defaultValue
      isDeprecated
      deprecationReason
    }

    fragment TypeRef on __Type {
      kind
      name
      ofType {
        kind
        name
        ofType {
          kind
          name
          ofType {
            kind
            name
            ofType {
              kind
              name
              ofType {
                kind
                name
                ofType {
                  kind
                  name
                  ofType {
                    kind
                    name
                  }
                }
              }
            }
          }
        }
      }
    }
  
2022-09-16 02:33:01 info: authMiddleware
2022-09-16 02:33:01 info: 
    query IntrospectionQuery {
      __schema {
        
        queryType { name }
        mutationType { name }
        subscriptionType { name }
        types {
          ...FullType
        }
        directives {
          name
          description
          
          locations
          args(includeDeprecated: true) {
            ...InputValue
          }
        }
      }
    }

    fragment FullType on __Type {
      kind
      name
      description
      
      fields(includeDeprecated: true) {
        name
        description
        args(includeDeprecated: true) {
          ...InputValue
        }
        type {
          ...TypeRef
        }
        isDeprecated
        deprecationReason
      }
      inputFields(includeDeprecated: true) {
        ...InputValue
      }
      interfaces {
        ...TypeRef
      }
      enumValues(includeDeprecated: true) {
        name
        description
        isDeprecated
        deprecationReason
      }
      possibleTypes {
        ...TypeRef
      }
    }

    fragment InputValue on __InputValue {
      name
      description
      type { ...TypeRef }
      defaultValue
      isDeprecated
      deprecationReason
    }

    fragment TypeRef on __Type {
      kind
      name
      ofType {
        kind
        name
        ofType {
          kind
          name
          ofType {
            kind
            name
            ofType {
              kind
              name
              ofType {
                kind
                name
                ofType {
                  kind
                  name
                  ofType {
                    kind
                    name
                  }
                }
              }
            }
          }
        }
      }
    }
  
2022-09-16 02:33:02 info: authMiddleware
2022-09-16 02:33:02 info: 
    query IntrospectionQuery {
      __schema {
        
        queryType { name }
        mutationType { name }
        subscriptionType { name }
        types {
          ...FullType
        }
        directives {
          name
          description
          
          locations
          args(includeDeprecated: true) {
            ...InputValue
          }
        }
      }
    }

    fragment FullType on __Type {
      kind
      name
      description
      
      fields(includeDeprecated: true) {
        name
        description
        args(includeDeprecated: true) {
          ...InputValue
        }
        type {
          ...TypeRef
        }
        isDeprecated
        deprecationReason
      }
      inputFields(includeDeprecated: true) {
        ...InputValue
      }
      interfaces {
        ...TypeRef
      }
      enumValues(includeDeprecated: true) {
        name
        description
        isDeprecated
        deprecationReason
      }
      possibleTypes {
        ...TypeRef
      }
    }

    fragment InputValue on __InputValue {
      name
      description
      type { ...TypeRef }
      defaultValue
      isDeprecated
      deprecationReason
    }

    fragment TypeRef on __Type {
      kind
      name
      ofType {
        kind
        name
        ofType {
          kind
          name
          ofType {
            kind
            name
            ofType {
              kind
              name
              ofType {
                kind
                name
                ofType {
                  kind
                  name
                  ofType {
                    kind
                    name
                  }
                }
              }
            }
          }
        }
      }
    }
  
2022-09-16 02:33:03 info: authMiddleware
2022-09-16 02:33:03 info: 
    query IntrospectionQuery {
      __schema {
        
        queryType { name }
        mutationType { name }
        subscriptionType { name }
        types {
          ...FullType
        }
        directives {
          name
          description
          
          locations
          args(includeDeprecated: true) {
            ...InputValue
          }
        }
      }
    }

    fragment FullType on __Type {
      kind
      name
      description
      
      fields(includeDeprecated: true) {
        name
        description
        args(includeDeprecated: true) {
          ...InputValue
        }
        type {
          ...TypeRef
        }
        isDeprecated
        deprecationReason
      }
      inputFields(includeDeprecated: true) {
        ...InputValue
      }
      interfaces {
        ...TypeRef
      }
      enumValues(includeDeprecated: true) {
        name
        description
        isDeprecated
        deprecationReason
      }
      possibleTypes {
        ...TypeRef
      }
    }

    fragment InputValue on __InputValue {
      name
      description
      type { ...TypeRef }
      defaultValue
      isDeprecated
      deprecationReason
    }

    fragment TypeRef on __Type {
      kind
      name
      ofType {
        kind
        name
        ofType {
          kind
          name
          ofType {
            kind
            name
            ofType {
              kind
              name
              ofType {
                kind
                name
                ofType {
                  kind
                  name
                  ofType {
                    kind
                    name
                  }
                }
              }
            }
          }
        }
      }
    }
  
2022-09-16 02:33:04 info: authMiddleware
2022-09-16 02:33:04 info: 
    query IntrospectionQuery {
      __schema {
        
        queryType { name }
        mutationType { name }
        subscriptionType { name }
        types {
          ...FullType
        }
        directives {
          name
          description
          
          locations
          args(includeDeprecated: true) {
            ...InputValue
          }
        }
      }
    }

    fragment FullType on __Type {
      kind
      name
      description
      
      fields(includeDeprecated: true) {
        name
        description
        args(includeDeprecated: true) {
          ...InputValue
        }
        type {
          ...TypeRef
        }
        isDeprecated
        deprecationReason
      }
      inputFields(includeDeprecated: true) {
        ...InputValue
      }
      interfaces {
        ...TypeRef
      }
      enumValues(includeDeprecated: true) {
        name
        description
        isDeprecated
        deprecationReason
      }
      possibleTypes {
        ...TypeRef
      }
    }

    fragment InputValue on __InputValue {
      name
      description
      type { ...TypeRef }
      defaultValue
      isDeprecated
      deprecationReason
    }

    fragment TypeRef on __Type {
      kind
      name
      ofType {
        kind
        name
        ofType {
          kind
          name
          ofType {
            kind
            name
            ofType {
              kind
              name
              ofType {
                kind
                name
                ofType {
                  kind
                  name
                  ofType {
                    kind
                    name
                  }
                }
              }
            }
          }
        }
      }
    }
  
2022-09-16 02:33:05 info: authMiddleware
2022-09-16 02:33:05 info: 
    query IntrospectionQuery {
      __schema {
        
        queryType { name }
        mutationType { name }
        subscriptionType { name }
        types {
          ...FullType
        }
        directives {
          name
          description
          
          locations
          args(includeDeprecated: true) {
            ...InputValue
          }
        }
      }
    }

    fragment FullType on __Type {
      kind
      name
      description
      
      fields(includeDeprecated: true) {
        name
        description
        args(includeDeprecated: true) {
          ...InputValue
        }
        type {
          ...TypeRef
        }
        isDeprecated
        deprecationReason
      }
      inputFields(includeDeprecated: true) {
        ...InputValue
      }
      interfaces {
        ...TypeRef
      }
      enumValues(includeDeprecated: true) {
        name
        description
        isDeprecated
        deprecationReason
      }
      possibleTypes {
        ...TypeRef
      }
    }

    fragment InputValue on __InputValue {
      name
      description
      type { ...TypeRef }
      defaultValue
      isDeprecated
      deprecationReason
    }

    fragment TypeRef on __Type {
      kind
      name
      ofType {
        kind
        name
        ofType {
          kind
          name
          ofType {
            kind
            name
            ofType {
              kind
              name
              ofType {
                kind
                name
                ofType {
                  kind
                  name
                  ofType {
                    kind
                    name
                  }
                }
              }
            }
          }
        }
      }
    }
  
2022-09-16 02:33:06 info: authMiddleware
2022-09-16 02:33:06 info: 
    query IntrospectionQuery {
      __schema {
        
        queryType { name }
        mutationType { name }
        subscriptionType { name }
        types {
          ...FullType
        }
        directives {
          name
          description
          
          locations
          args(includeDeprecated: true) {
            ...InputValue
          }
        }
      }
    }

    fragment FullType on __Type {
      kind
      name
      description
      
      fields(includeDeprecated: true) {
        name
        description
        args(includeDeprecated: true) {
          ...InputValue
        }
        type {
          ...TypeRef
        }
        isDeprecated
        deprecationReason
      }
      inputFields(includeDeprecated: true) {
        ...InputValue
      }
      interfaces {
        ...TypeRef
      }
      enumValues(includeDeprecated: true) {
        name
        description
        isDeprecated
        deprecationReason
      }
      possibleTypes {
        ...TypeRef
      }
    }

    fragment InputValue on __InputValue {
      name
      description
      type { ...TypeRef }
      defaultValue
      isDeprecated
      deprecationReason
    }

    fragment TypeRef on __Type {
      kind
      name
      ofType {
        kind
        name
        ofType {
          kind
          name
          ofType {
            kind
            name
            ofType {
              kind
              name
              ofType {
                kind
                name
                ofType {
                  kind
                  name
                  ofType {
                    kind
                    name
                  }
                }
              }
            }
          }
        }
      }
    }
  
2022-09-16 02:33:07 info: authMiddleware
2022-09-16 02:33:07 info: 
    query IntrospectionQuery {
      __schema {
        
        queryType { name }
        mutationType { name }
        subscriptionType { name }
        types {
          ...FullType
        }
        directives {
          name
          description
          
          locations
          args(includeDeprecated: true) {
            ...InputValue
          }
        }
      }
    }

    fragment FullType on __Type {
      kind
      name
      description
      
      fields(includeDeprecated: true) {
        name
        description
        args(includeDeprecated: true) {
          ...InputValue
        }
        type {
          ...TypeRef
        }
        isDeprecated
        deprecationReason
      }
      inputFields(includeDeprecated: true) {
        ...InputValue
      }
      interfaces {
        ...TypeRef
      }
      enumValues(includeDeprecated: true) {
        name
        description
        isDeprecated
        deprecationReason
      }
      possibleTypes {
        ...TypeRef
      }
    }

    fragment InputValue on __InputValue {
      name
      description
      type { ...TypeRef }
      defaultValue
      isDeprecated
      deprecationReason
    }

    fragment TypeRef on __Type {
      kind
      name
      ofType {
        kind
        name
        ofType {
          kind
          name
          ofType {
            kind
            name
            ofType {
              kind
              name
              ofType {
                kind
                name
                ofType {
                  kind
                  name
                  ofType {
                    kind
                    name
                  }
                }
              }
            }
          }
        }
      }
    }
  
2022-09-16 02:33:08 info: authMiddleware
2022-09-16 02:33:08 info: 
    query IntrospectionQuery {
      __schema {
        
        queryType { name }
        mutationType { name }
        subscriptionType { name }
        types {
          ...FullType
        }
        directives {
          name
          description
          
          locations
          args(includeDeprecated: true) {
            ...InputValue
          }
        }
      }
    }

    fragment FullType on __Type {
      kind
      name
      description
      
      fields(includeDeprecated: true) {
        name
        description
        args(includeDeprecated: true) {
          ...InputValue
        }
        type {
          ...TypeRef
        }
        isDeprecated
        deprecationReason
      }
      inputFields(includeDeprecated: true) {
        ...InputValue
      }
      interfaces {
        ...TypeRef
      }
      enumValues(includeDeprecated: true) {
        name
        description
        isDeprecated
        deprecationReason
      }
      possibleTypes {
        ...TypeRef
      }
    }

    fragment InputValue on __InputValue {
      name
      description
      type { ...TypeRef }
      defaultValue
      isDeprecated
      deprecationReason
    }

    fragment TypeRef on __Type {
      kind
      name
      ofType {
        kind
        name
        ofType {
          kind
          name
          ofType {
            kind
            name
            ofType {
              kind
              name
              ofType {
                kind
                name
                ofType {
                  kind
                  name
                  ofType {
                    kind
                    name
                  }
                }
              }
            }
          }
        }
      }
    }
  
2022-09-16 02:33:09 info: authMiddleware
2022-09-16 02:33:09 info: 
    query IntrospectionQuery {
      __schema {
        
        queryType { name }
        mutationType { name }
        subscriptionType { name }
        types {
          ...FullType
        }
        directives {
          name
          description
          
          locations
          args(includeDeprecated: true) {
            ...InputValue
          }
        }
      }
    }

    fragment FullType on __Type {
      kind
      name
      description
      
      fields(includeDeprecated: true) {
        name
        description
        args(includeDeprecated: true) {
          ...InputValue
        }
        type {
          ...TypeRef
        }
        isDeprecated
        deprecationReason
      }
      inputFields(includeDeprecated: true) {
        ...InputValue
      }
      interfaces {
        ...TypeRef
      }
      enumValues(includeDeprecated: true) {
        name
        description
        isDeprecated
        deprecationReason
      }
      possibleTypes {
        ...TypeRef
      }
    }

    fragment InputValue on __InputValue {
      name
      description
      type { ...TypeRef }
      defaultValue
      isDeprecated
      deprecationReason
    }

    fragment TypeRef on __Type {
      kind
      name
      ofType {
        kind
        name
        ofType {
          kind
          name
          ofType {
            kind
            name
            ofType {
              kind
              name
              ofType {
                kind
                name
                ofType {
                  kind
                  name
                  ofType {
                    kind
                    name
                  }
                }
              }
            }
          }
        }
      }
    }
  
2022-09-16 02:33:10 info: authMiddleware
2022-09-16 02:33:10 info: 
    query IntrospectionQuery {
      __schema {
        
        queryType { name }
        mutationType { name }
        subscriptionType { name }
        types {
          ...FullType
        }
        directives {
          name
          description
          
          locations
          args(includeDeprecated: true) {
            ...InputValue
          }
        }
      }
    }

    fragment FullType on __Type {
      kind
      name
      description
      
      fields(includeDeprecated: true) {
        name
        description
        args(includeDeprecated: true) {
          ...InputValue
        }
        type {
          ...TypeRef
        }
        isDeprecated
        deprecationReason
      }
      inputFields(includeDeprecated: true) {
        ...InputValue
      }
      interfaces {
        ...TypeRef
      }
      enumValues(includeDeprecated: true) {
        name
        description
        isDeprecated
        deprecationReason
      }
      possibleTypes {
        ...TypeRef
      }
    }

    fragment InputValue on __InputValue {
      name
      description
      type { ...TypeRef }
      defaultValue
      isDeprecated
      deprecationReason
    }

    fragment TypeRef on __Type {
      kind
      name
      ofType {
        kind
        name
        ofType {
          kind
          name
          ofType {
            kind
            name
            ofType {
              kind
              name
              ofType {
                kind
                name
                ofType {
                  kind
                  name
                  ofType {
                    kind
                    name
                  }
                }
              }
            }
          }
        }
      }
    }
  
2022-09-16 02:33:11 info: authMiddleware
2022-09-16 02:33:11 info: 
    query IntrospectionQuery {
      __schema {
        
        queryType { name }
        mutationType { name }
        subscriptionType { name }
        types {
          ...FullType
        }
        directives {
          name
          description
          
          locations
          args(includeDeprecated: true) {
            ...InputValue
          }
        }
      }
    }

    fragment FullType on __Type {
      kind
      name
      description
      
      fields(includeDeprecated: true) {
        name
        description
        args(includeDeprecated: true) {
          ...InputValue
        }
        type {
          ...TypeRef
        }
        isDeprecated
        deprecationReason
      }
      inputFields(includeDeprecated: true) {
        ...InputValue
      }
      interfaces {
        ...TypeRef
      }
      enumValues(includeDeprecated: true) {
        name
        description
        isDeprecated
        deprecationReason
      }
      possibleTypes {
        ...TypeRef
      }
    }

    fragment InputValue on __InputValue {
      name
      description
      type { ...TypeRef }
      defaultValue
      isDeprecated
      deprecationReason
    }

    fragment TypeRef on __Type {
      kind
      name
      ofType {
        kind
        name
        ofType {
          kind
          name
          ofType {
            kind
            name
            ofType {
              kind
              name
              ofType {
                kind
                name
                ofType {
                  kind
                  name
                  ofType {
                    kind
                    name
                  }
                }
              }
            }
          }
        }
      }
    }
  
2022-09-16 02:33:12 info: authMiddleware
2022-09-16 02:33:12 info: 
    query IntrospectionQuery {
      __schema {
        
        queryType { name }
        mutationType { name }
        subscriptionType { name }
        types {
          ...FullType
        }
        directives {
          name
          description
          
          locations
          args(includeDeprecated: true) {
            ...InputValue
          }
        }
      }
    }

    fragment FullType on __Type {
      kind
      name
      description
      
      fields(includeDeprecated: true) {
        name
        description
        args(includeDeprecated: true) {
          ...InputValue
        }
        type {
          ...TypeRef
        }
        isDeprecated
        deprecationReason
      }
      inputFields(includeDeprecated: true) {
        ...InputValue
      }
      interfaces {
        ...TypeRef
      }
      enumValues(includeDeprecated: true) {
        name
        description
        isDeprecated
        deprecationReason
      }
      possibleTypes {
        ...TypeRef
      }
    }

    fragment InputValue on __InputValue {
      name
      description
      type { ...TypeRef }
      defaultValue
      isDeprecated
      deprecationReason
    }

    fragment TypeRef on __Type {
      kind
      name
      ofType {
        kind
        name
        ofType {
          kind
          name
          ofType {
            kind
            name
            ofType {
              kind
              name
              ofType {
                kind
                name
                ofType {
                  kind
                  name
                  ofType {
                    kind
                    name
                  }
                }
              }
            }
          }
        }
      }
    }
  
2022-09-16 02:33:33 info: authMiddleware
2022-09-16 02:33:33 info: mutation Mutation($userData: CreateUserDto!) {
  createUser(userData: $userData) {
    email
  }
}
2022-09-16 02:33:36 info: authMiddleware
2022-09-16 02:33:36 info: mutation Mutation($userData: CreateUserDto!) {
  createUser(userData: $userData) {
    email
  }
}
2022-09-16 02:33:38 info: authMiddleware
2022-09-16 02:33:38 info: mutation Mutation($userData: CreateUserDto!) {
  createUser(userData: $userData) {
    email
  }
}
2022-09-16 02:34:10 info: authMiddleware
2022-09-16 02:34:10 info: query Query {
  getUsers {
    id
  }
}
2022-09-16 02:34:14 info: authMiddleware
2022-09-16 02:34:14 info: query Query {
  getUsers {
    id
    email
  }
}
2022-09-16 02:35:09 info: =================================
2022-09-16 02:35:09 info: ======= ENV: development =======
2022-09-16 02:35:09 info: 🚀 App listening on the port 3005
2022-09-16 02:35:09 info: 🎮 http://localhost:3005/graphql
2022-09-16 02:35:09 info: =================================
2022-09-16 02:35:12 info: authMiddleware
2022-09-16 02:35:12 info: query Query {
  getUsers {
    id
    email
  }
}
