2022-09-14 13:55:47 info: =================================
2022-09-14 13:55:47 info: ======= ENV: development =======
2022-09-14 13:55:47 info: 🚀 App listening on the port 3005
2022-09-14 13:55:47 info: 🎮 http://localhost:3005/graphql
2022-09-14 13:55:47 info: =================================
2022-09-14 13:56:29 info: =================================
2022-09-14 13:56:29 info: ======= ENV: development =======
2022-09-14 13:56:29 info: 🚀 App listening on the port 3005
2022-09-14 13:56:29 info: 🎮 http://localhost:3005/graphql
2022-09-14 13:56:29 info: =================================
2022-09-14 13:57:59 info: =================================
2022-09-14 13:57:59 info: ======= ENV: development =======
2022-09-14 13:57:59 info: 🚀 App listening on the port 3005
2022-09-14 13:57:59 info: 🎮 http://localhost:3005/graphql
2022-09-14 13:57:59 info: =================================
2022-09-14 13:58:03 info: =================================
2022-09-14 13:58:03 info: ======= ENV: development =======
2022-09-14 13:58:03 info: 🚀 App listening on the port 3005
2022-09-14 13:58:03 info: 🎮 http://localhost:3005/graphql
2022-09-14 13:58:03 info: =================================
2022-09-14 13:59:23 info: =================================
2022-09-14 13:59:23 info: ======= ENV: development =======
2022-09-14 13:59:23 info: 🚀 App listening on the port 3005
2022-09-14 13:59:23 info: 🎮 http://localhost:3005/graphql
2022-09-14 13:59:23 info: =================================
2022-09-14 14:00:40 info: =================================
2022-09-14 14:00:40 info: ======= ENV: development =======
2022-09-14 14:00:40 info: 🚀 App listening on the port 3005
2022-09-14 14:00:40 info: 🎮 http://localhost:3005/graphql
2022-09-14 14:00:40 info: =================================
2022-09-14 14:03:06 info: =================================
2022-09-14 14:03:06 info: ======= ENV: development =======
2022-09-14 14:03:06 info: 🚀 App listening on the port 3005
2022-09-14 14:03:06 info: 🎮 http://localhost:3005/graphql
2022-09-14 14:03:06 info: =================================
2022-09-14 14:05:04 info: =================================
2022-09-14 14:05:04 info: ======= ENV: development =======
2022-09-14 14:05:04 info: 🚀 App listening on the port 3005
2022-09-14 14:05:04 info: 🎮 http://localhost:3005/graphql
2022-09-14 14:05:04 info: =================================
2022-09-14 14:08:42 info: =================================
2022-09-14 14:08:42 info: ======= ENV: development =======
2022-09-14 14:08:42 info: 🚀 App listening on the port 3005
2022-09-14 14:08:42 info: 🎮 http://localhost:3005/graphql
2022-09-14 14:08:42 info: =================================
2022-09-14 14:09:19 info: =================================
2022-09-14 14:09:19 info: ======= ENV: development =======
2022-09-14 14:09:19 info: 🚀 App listening on the port 3005
2022-09-14 14:09:19 info: 🎮 http://localhost:3005/graphql
2022-09-14 14:09:19 info: =================================
2022-09-14 14:10:29 info: authMiddleware
2022-09-14 14:10:29 info: 
    query IntrospectionQuery {
      __schema {
        
        queryType { name }
        mutationType { name }
        subscriptionType { name }
        types {
          ...FullType
        }
        directives {
          name
          description
          
          locations
          args {
            ...InputValue
          }
        }
      }
    }

    fragment FullType on __Type {
      kind
      name
      description
      
      fields(includeDeprecated: true) {
        name
        description
        args {
          ...InputValue
        }
        type {
          ...TypeRef
        }
        isDeprecated
        deprecationReason
      }
      inputFields {
        ...InputValue
      }
      interfaces {
        ...TypeRef
      }
      enumValues(includeDeprecated: true) {
        name
        description
        isDeprecated
        deprecationReason
      }
      possibleTypes {
        ...TypeRef
      }
    }

    fragment InputValue on __InputValue {
      name
      description
      type { ...TypeRef }
      defaultValue
      
      
    }

    fragment TypeRef on __Type {
      kind
      name
      ofType {
        kind
        name
        ofType {
          kind
          name
          ofType {
            kind
            name
            ofType {
              kind
              name
              ofType {
                kind
                name
                ofType {
                  kind
                  name
                  ofType {
                    kind
                    name
                  }
                }
              }
            }
          }
        }
      }
    }
  
2022-09-14 14:10:30 info: authMiddleware
2022-09-14 14:10:30 info: 
    query IntrospectionQuery {
      __schema {
        
        queryType { name }
        mutationType { name }
        subscriptionType { name }
        types {
          ...FullType
        }
        directives {
          name
          description
          
          locations
          args(includeDeprecated: true) {
            ...InputValue
          }
        }
      }
    }

    fragment FullType on __Type {
      kind
      name
      description
      
      fields(includeDeprecated: true) {
        name
        description
        args(includeDeprecated: true) {
          ...InputValue
        }
        type {
          ...TypeRef
        }
        isDeprecated
        deprecationReason
      }
      inputFields(includeDeprecated: true) {
        ...InputValue
      }
      interfaces {
        ...TypeRef
      }
      enumValues(includeDeprecated: true) {
        name
        description
        isDeprecated
        deprecationReason
      }
      possibleTypes {
        ...TypeRef
      }
    }

    fragment InputValue on __InputValue {
      name
      description
      type { ...TypeRef }
      defaultValue
      isDeprecated
      deprecationReason
    }

    fragment TypeRef on __Type {
      kind
      name
      ofType {
        kind
        name
        ofType {
          kind
          name
          ofType {
            kind
            name
            ofType {
              kind
              name
              ofType {
                kind
                name
                ofType {
                  kind
                  name
                  ofType {
                    kind
                    name
                  }
                }
              }
            }
          }
        }
      }
    }
  
2022-09-14 14:10:34 info: authMiddleware
2022-09-14 14:10:34 info: mutation Mutation($raffleData: RaffleDto!) {
  createRaffle(raffleData: $raffleData) {
  description  
  id
  name
  }
}
2022-09-14 14:11:36 info: =================================
2022-09-14 14:11:36 info: ======= ENV: development =======
2022-09-14 14:11:36 info: 🚀 App listening on the port 3005
2022-09-14 14:11:36 info: 🎮 http://localhost:3005/graphql
2022-09-14 14:11:36 info: =================================
2022-09-14 14:11:47 info: =================================
2022-09-14 14:11:47 info: ======= ENV: development =======
2022-09-14 14:11:47 info: 🚀 App listening on the port 3005
2022-09-14 14:11:47 info: 🎮 http://localhost:3005/graphql
2022-09-14 14:11:47 info: =================================
2022-09-14 14:15:15 info: =================================
2022-09-14 14:15:15 info: ======= ENV: development =======
2022-09-14 14:15:15 info: 🚀 App listening on the port 3005
2022-09-14 14:15:15 info: 🎮 http://localhost:3005/graphql
2022-09-14 14:15:15 info: =================================
2022-09-14 14:15:25 info: =================================
2022-09-14 14:15:25 info: ======= ENV: development =======
2022-09-14 14:15:25 info: 🚀 App listening on the port 3005
2022-09-14 14:15:25 info: 🎮 http://localhost:3005/graphql
2022-09-14 14:15:25 info: =================================
2022-09-14 14:16:35 info: =================================
2022-09-14 14:16:35 info: ======= ENV: development =======
2022-09-14 14:16:35 info: 🚀 App listening on the port 3005
2022-09-14 14:16:35 info: 🎮 http://localhost:3005/graphql
2022-09-14 14:16:35 info: =================================
2022-09-14 14:16:46 info: authMiddleware
2022-09-14 14:16:46 info: 
    query IntrospectionQuery {
      __schema {
        
        queryType { name }
        mutationType { name }
        subscriptionType { name }
        types {
          ...FullType
        }
        directives {
          name
          description
          
          locations
          args {
            ...InputValue
          }
        }
      }
    }

    fragment FullType on __Type {
      kind
      name
      description
      
      fields(includeDeprecated: true) {
        name
        description
        args {
          ...InputValue
        }
        type {
          ...TypeRef
        }
        isDeprecated
        deprecationReason
      }
      inputFields {
        ...InputValue
      }
      interfaces {
        ...TypeRef
      }
      enumValues(includeDeprecated: true) {
        name
        description
        isDeprecated
        deprecationReason
      }
      possibleTypes {
        ...TypeRef
      }
    }

    fragment InputValue on __InputValue {
      name
      description
      type { ...TypeRef }
      defaultValue
      
      
    }

    fragment TypeRef on __Type {
      kind
      name
      ofType {
        kind
        name
        ofType {
          kind
          name
          ofType {
            kind
            name
            ofType {
              kind
              name
              ofType {
                kind
                name
                ofType {
                  kind
                  name
                  ofType {
                    kind
                    name
                  }
                }
              }
            }
          }
        }
      }
    }
  
2022-09-14 14:16:47 info: authMiddleware
2022-09-14 14:16:47 info: 
    query IntrospectionQuery {
      __schema {
        
        queryType { name }
        mutationType { name }
        subscriptionType { name }
        types {
          ...FullType
        }
        directives {
          name
          description
          
          locations
          args(includeDeprecated: true) {
            ...InputValue
          }
        }
      }
    }

    fragment FullType on __Type {
      kind
      name
      description
      
      fields(includeDeprecated: true) {
        name
        description
        args(includeDeprecated: true) {
          ...InputValue
        }
        type {
          ...TypeRef
        }
        isDeprecated
        deprecationReason
      }
      inputFields(includeDeprecated: true) {
        ...InputValue
      }
      interfaces {
        ...TypeRef
      }
      enumValues(includeDeprecated: true) {
        name
        description
        isDeprecated
        deprecationReason
      }
      possibleTypes {
        ...TypeRef
      }
    }

    fragment InputValue on __InputValue {
      name
      description
      type { ...TypeRef }
      defaultValue
      isDeprecated
      deprecationReason
    }

    fragment TypeRef on __Type {
      kind
      name
      ofType {
        kind
        name
        ofType {
          kind
          name
          ofType {
            kind
            name
            ofType {
              kind
              name
              ofType {
                kind
                name
                ofType {
                  kind
                  name
                  ofType {
                    kind
                    name
                  }
                }
              }
            }
          }
        }
      }
    }
  
2022-09-14 14:16:48 info: authMiddleware
2022-09-14 14:16:48 info: mutation Mutation($raffleData: RaffleDto!) {
  createRaffle(raffleData: $raffleData) {
  description  
  id
  name
  }
}
2022-09-14 14:16:49 info: authMiddleware
2022-09-14 14:16:49 info: mutation Mutation($raffleData: RaffleDto!) {
  createRaffle(raffleData: $raffleData) {
  description  
  id
  name
  }
}
2022-09-14 14:16:49 info: authMiddleware
2022-09-14 14:16:49 info: mutation Mutation($raffleData: RaffleDto!) {
  createRaffle(raffleData: $raffleData) {
  description  
  id
  name
  }
}
2022-09-14 14:19:37 info: =================================
2022-09-14 14:19:37 info: ======= ENV: development =======
2022-09-14 14:19:37 info: 🚀 App listening on the port 3005
2022-09-14 14:19:37 info: 🎮 http://localhost:3005/graphql
2022-09-14 14:19:37 info: =================================
2022-09-14 14:19:51 info: =================================
2022-09-14 14:19:51 info: ======= ENV: development =======
2022-09-14 14:19:51 info: 🚀 App listening on the port 3005
2022-09-14 14:19:51 info: 🎮 http://localhost:3005/graphql
2022-09-14 14:19:51 info: =================================
2022-09-14 14:22:36 info: =================================
2022-09-14 14:22:36 info: ======= ENV: development =======
2022-09-14 14:22:36 info: 🚀 App listening on the port 3005
2022-09-14 14:22:36 info: 🎮 http://localhost:3005/graphql
2022-09-14 14:22:36 info: =================================
2022-09-14 14:22:43 info: =================================
2022-09-14 14:22:43 info: ======= ENV: development =======
2022-09-14 14:22:43 info: 🚀 App listening on the port 3005
2022-09-14 14:22:43 info: 🎮 http://localhost:3005/graphql
2022-09-14 14:22:43 info: =================================
2022-09-14 14:22:58 info: =================================
2022-09-14 14:22:58 info: ======= ENV: development =======
2022-09-14 14:22:58 info: 🚀 App listening on the port 3005
2022-09-14 14:22:58 info: 🎮 http://localhost:3005/graphql
2022-09-14 14:22:58 info: =================================
2022-09-14 14:23:15 info: =================================
2022-09-14 14:23:15 info: ======= ENV: development =======
2022-09-14 14:23:15 info: 🚀 App listening on the port 3005
2022-09-14 14:23:15 info: 🎮 http://localhost:3005/graphql
2022-09-14 14:23:15 info: =================================
2022-09-14 14:25:54 info: =================================
2022-09-14 14:25:54 info: ======= ENV: development =======
2022-09-14 14:25:54 info: 🚀 App listening on the port 3005
2022-09-14 14:25:54 info: 🎮 http://localhost:3005/graphql
2022-09-14 14:25:54 info: =================================
2022-09-14 14:26:41 info: =================================
2022-09-14 14:26:41 info: ======= ENV: development =======
2022-09-14 14:26:41 info: 🚀 App listening on the port 3005
2022-09-14 14:26:41 info: 🎮 http://localhost:3005/graphql
2022-09-14 14:26:41 info: =================================
2022-09-14 14:27:20 info: =================================
2022-09-14 14:27:20 info: ======= ENV: development =======
2022-09-14 14:27:20 info: 🚀 App listening on the port 3005
2022-09-14 14:27:20 info: 🎮 http://localhost:3005/graphql
2022-09-14 14:27:20 info: =================================
2022-09-14 14:28:22 info: =================================
2022-09-14 14:28:22 info: ======= ENV: development =======
2022-09-14 14:28:22 info: 🚀 App listening on the port 3005
2022-09-14 14:28:22 info: 🎮 http://localhost:3005/graphql
2022-09-14 14:28:22 info: =================================
2022-09-14 14:29:27 info: =================================
2022-09-14 14:29:27 info: ======= ENV: development =======
2022-09-14 14:29:27 info: 🚀 App listening on the port 3005
2022-09-14 14:29:27 info: 🎮 http://localhost:3005/graphql
2022-09-14 14:29:27 info: =================================
2022-09-14 14:29:35 info: =================================
2022-09-14 14:29:35 info: ======= ENV: development =======
2022-09-14 14:29:35 info: 🚀 App listening on the port 3005
2022-09-14 14:29:35 info: 🎮 http://localhost:3005/graphql
2022-09-14 14:29:35 info: =================================
2022-09-14 14:29:40 info: authMiddleware
2022-09-14 14:29:40 info: 
    query IntrospectionQuery {
      __schema {
        
        queryType { name }
        mutationType { name }
        subscriptionType { name }
        types {
          ...FullType
        }
        directives {
          name
          description
          
          locations
          args {
            ...InputValue
          }
        }
      }
    }

    fragment FullType on __Type {
      kind
      name
      description
      
      fields(includeDeprecated: true) {
        name
        description
        args {
          ...InputValue
        }
        type {
          ...TypeRef
        }
        isDeprecated
        deprecationReason
      }
      inputFields {
        ...InputValue
      }
      interfaces {
        ...TypeRef
      }
      enumValues(includeDeprecated: true) {
        name
        description
        isDeprecated
        deprecationReason
      }
      possibleTypes {
        ...TypeRef
      }
    }

    fragment InputValue on __InputValue {
      name
      description
      type { ...TypeRef }
      defaultValue
      
      
    }

    fragment TypeRef on __Type {
      kind
      name
      ofType {
        kind
        name
        ofType {
          kind
          name
          ofType {
            kind
            name
            ofType {
              kind
              name
              ofType {
                kind
                name
                ofType {
                  kind
                  name
                  ofType {
                    kind
                    name
                  }
                }
              }
            }
          }
        }
      }
    }
  
2022-09-14 14:29:40 info: authMiddleware
2022-09-14 14:29:40 info: 
    query IntrospectionQuery {
      __schema {
        
        queryType { name }
        mutationType { name }
        subscriptionType { name }
        types {
          ...FullType
        }
        directives {
          name
          description
          
          locations
          args(includeDeprecated: true) {
            ...InputValue
          }
        }
      }
    }

    fragment FullType on __Type {
      kind
      name
      description
      
      fields(includeDeprecated: true) {
        name
        description
        args(includeDeprecated: true) {
          ...InputValue
        }
        type {
          ...TypeRef
        }
        isDeprecated
        deprecationReason
      }
      inputFields(includeDeprecated: true) {
        ...InputValue
      }
      interfaces {
        ...TypeRef
      }
      enumValues(includeDeprecated: true) {
        name
        description
        isDeprecated
        deprecationReason
      }
      possibleTypes {
        ...TypeRef
      }
    }

    fragment InputValue on __InputValue {
      name
      description
      type { ...TypeRef }
      defaultValue
      isDeprecated
      deprecationReason
    }

    fragment TypeRef on __Type {
      kind
      name
      ofType {
        kind
        name
        ofType {
          kind
          name
          ofType {
            kind
            name
            ofType {
              kind
              name
              ofType {
                kind
                name
                ofType {
                  kind
                  name
                  ofType {
                    kind
                    name
                  }
                }
              }
            }
          }
        }
      }
    }
  
2022-09-14 14:30:08 info: authMiddleware
2022-09-14 14:30:08 error: Variable "$ticketData" got invalid value { raffleId: 1 }; Field "valueInDollars" of required type "Float!" was not provided.
2022-09-14 14:30:08 info: mutation CreateTicket($ticketData: TicketDto!) {
  createTicket(ticketData: $ticketData) {
  id  
  }
}
2022-09-14 14:30:26 info: authMiddleware
2022-09-14 14:30:26 error: Variable "$ticketData" got invalid value { raffleId: 1 }; Field "valueInDollars" of required type "Float!" was not provided.
2022-09-14 14:30:26 info: mutation CreateTicket($ticketData: TicketDto!) {
  createTicket(ticketData: $ticketData) {
  id  
  }
}
2022-09-14 14:30:31 info: authMiddleware
2022-09-14 14:30:31 error: null value in column "valueInDollars" of relation "ticket_entity" violates not-null constraint
2022-09-14 14:30:31 info: mutation CreateTicket($ticketData: TicketDto!) {
  createTicket(ticketData: $ticketData) {
  id  
  }
}
2022-09-14 14:30:59 info: =================================
2022-09-14 14:30:59 info: ======= ENV: development =======
2022-09-14 14:30:59 info: 🚀 App listening on the port 3005
2022-09-14 14:30:59 info: 🎮 http://localhost:3005/graphql
2022-09-14 14:30:59 info: =================================
2022-09-14 14:31:02 info: authMiddleware
2022-09-14 14:31:02 error: null value in column "isSold" of relation "ticket_entity" violates not-null constraint
2022-09-14 14:31:02 info: mutation CreateTicket($ticketData: TicketDto!) {
  createTicket(ticketData: $ticketData) {
  id  
  }
}
2022-09-14 14:32:32 info: =================================
2022-09-14 14:32:32 info: ======= ENV: development =======
2022-09-14 14:32:32 info: 🚀 App listening on the port 3005
2022-09-14 14:32:32 info: 🎮 http://localhost:3005/graphql
2022-09-14 14:32:32 info: =================================
2022-09-14 14:32:45 info: =================================
2022-09-14 14:32:45 info: ======= ENV: development =======
2022-09-14 14:32:45 info: 🚀 App listening on the port 3005
2022-09-14 14:32:45 info: 🎮 http://localhost:3005/graphql
2022-09-14 14:32:45 info: =================================
2022-09-14 14:33:43 info: =================================
2022-09-14 14:33:43 info: ======= ENV: development =======
2022-09-14 14:33:43 info: 🚀 App listening on the port 3005
2022-09-14 14:33:43 info: 🎮 http://localhost:3005/graphql
2022-09-14 14:33:43 info: =================================
2022-09-14 14:33:46 info: authMiddleware
2022-09-14 14:33:46 error: null value in column "isSold" of relation "ticket_entity" violates not-null constraint
2022-09-14 14:33:46 info: mutation CreateTicket($ticketData: TicketDto!) {
  createTicket(ticketData: $ticketData) {
  id  
  }
}
2022-09-14 14:33:53 info: authMiddleware
2022-09-14 14:33:53 error: null value in column "isSold" of relation "ticket_entity" violates not-null constraint
2022-09-14 14:33:53 info: mutation CreateTicket($ticketData: TicketDto!) {
  createTicket(ticketData: $ticketData) {
  id  
  }
}
2022-09-14 14:34:01 info: =================================
2022-09-14 14:34:01 info: ======= ENV: development =======
2022-09-14 14:34:01 info: 🚀 App listening on the port 3005
2022-09-14 14:34:01 info: 🎮 http://localhost:3005/graphql
2022-09-14 14:34:01 info: =================================
2022-09-14 14:34:08 info: =================================
2022-09-14 14:34:08 info: ======= ENV: development =======
2022-09-14 14:34:08 info: 🚀 App listening on the port 3005
2022-09-14 14:34:08 info: 🎮 http://localhost:3005/graphql
2022-09-14 14:34:08 info: =================================
2022-09-14 14:34:14 info: =================================
2022-09-14 14:34:14 info: ======= ENV: development =======
2022-09-14 14:34:14 info: 🚀 App listening on the port 3005
2022-09-14 14:34:14 info: 🎮 http://localhost:3005/graphql
2022-09-14 14:34:14 info: =================================
2022-09-14 14:34:24 info: =================================
2022-09-14 14:34:24 info: ======= ENV: development =======
2022-09-14 14:34:24 info: 🚀 App listening on the port 3005
2022-09-14 14:34:24 info: 🎮 http://localhost:3005/graphql
2022-09-14 14:34:24 info: =================================
2022-09-14 14:34:26 info: authMiddleware
2022-09-14 14:34:26 error: null value in column "isSold" of relation "ticket_entity" violates not-null constraint
2022-09-14 14:34:26 info: mutation CreateTicket($ticketData: TicketDto!) {
  createTicket(ticketData: $ticketData) {
  id  
  }
}
2022-09-14 14:34:27 info: authMiddleware
2022-09-14 14:34:27 error: null value in column "isSold" of relation "ticket_entity" violates not-null constraint
2022-09-14 14:34:27 info: mutation CreateTicket($ticketData: TicketDto!) {
  createTicket(ticketData: $ticketData) {
  id  
  }
}
2022-09-14 14:35:30 info: authMiddleware
2022-09-14 14:35:30 error: null value in column "isSold" of relation "ticket_entity" violates not-null constraint
2022-09-14 14:35:30 info: mutation CreateTicket($ticketData: TicketDto!) {
  createTicket(ticketData: $ticketData) {
  id  
  valueInDollars
  }
}
2022-09-14 14:37:03 info: =================================
2022-09-14 14:37:03 info: ======= ENV: development =======
2022-09-14 14:37:03 info: 🚀 App listening on the port 3005
2022-09-14 14:37:03 info: 🎮 http://localhost:3005/graphql
2022-09-14 14:37:03 info: =================================
2022-09-14 14:37:08 info: authMiddleware
2022-09-14 14:37:08 error: null value in column "isSold" of relation "ticket_entity" violates not-null constraint
2022-09-14 14:37:08 info: mutation CreateTicket($ticketData: TicketDto!) {
  createTicket(ticketData: $ticketData) {
  id  
  valueInDollars
  }
}
2022-09-14 14:37:18 info: authMiddleware
2022-09-14 14:37:18 info: 
    query IntrospectionQuery {
      __schema {
        
        queryType { name }
        mutationType { name }
        subscriptionType { name }
        types {
          ...FullType
        }
        directives {
          name
          description
          
          locations
          args {
            ...InputValue
          }
        }
      }
    }

    fragment FullType on __Type {
      kind
      name
      description
      
      fields(includeDeprecated: true) {
        name
        description
        args {
          ...InputValue
        }
        type {
          ...TypeRef
        }
        isDeprecated
        deprecationReason
      }
      inputFields {
        ...InputValue
      }
      interfaces {
        ...TypeRef
      }
      enumValues(includeDeprecated: true) {
        name
        description
        isDeprecated
        deprecationReason
      }
      possibleTypes {
        ...TypeRef
      }
    }

    fragment InputValue on __InputValue {
      name
      description
      type { ...TypeRef }
      defaultValue
      
      
    }

    fragment TypeRef on __Type {
      kind
      name
      ofType {
        kind
        name
        ofType {
          kind
          name
          ofType {
            kind
            name
            ofType {
              kind
              name
              ofType {
                kind
                name
                ofType {
                  kind
                  name
                  ofType {
                    kind
                    name
                  }
                }
              }
            }
          }
        }
      }
    }
  
2022-09-14 14:37:18 info: authMiddleware
2022-09-14 14:37:18 info: 
    query IntrospectionQuery {
      __schema {
        
        queryType { name }
        mutationType { name }
        subscriptionType { name }
        types {
          ...FullType
        }
        directives {
          name
          description
          
          locations
          args(includeDeprecated: true) {
            ...InputValue
          }
        }
      }
    }

    fragment FullType on __Type {
      kind
      name
      description
      
      fields(includeDeprecated: true) {
        name
        description
        args(includeDeprecated: true) {
          ...InputValue
        }
        type {
          ...TypeRef
        }
        isDeprecated
        deprecationReason
      }
      inputFields(includeDeprecated: true) {
        ...InputValue
      }
      interfaces {
        ...TypeRef
      }
      enumValues(includeDeprecated: true) {
        name
        description
        isDeprecated
        deprecationReason
      }
      possibleTypes {
        ...TypeRef
      }
    }

    fragment InputValue on __InputValue {
      name
      description
      type { ...TypeRef }
      defaultValue
      isDeprecated
      deprecationReason
    }

    fragment TypeRef on __Type {
      kind
      name
      ofType {
        kind
        name
        ofType {
          kind
          name
          ofType {
            kind
            name
            ofType {
              kind
              name
              ofType {
                kind
                name
                ofType {
                  kind
                  name
                  ofType {
                    kind
                    name
                  }
                }
              }
            }
          }
        }
      }
    }
  
2022-09-14 14:37:25 info: authMiddleware
2022-09-14 14:37:25 info: 
    query IntrospectionQuery {
      __schema {
        
        queryType { name }
        mutationType { name }
        subscriptionType { name }
        types {
          ...FullType
        }
        directives {
          name
          description
          
          locations
          args(includeDeprecated: true) {
            ...InputValue
          }
        }
      }
    }

    fragment FullType on __Type {
      kind
      name
      description
      
      fields(includeDeprecated: true) {
        name
        description
        args(includeDeprecated: true) {
          ...InputValue
        }
        type {
          ...TypeRef
        }
        isDeprecated
        deprecationReason
      }
      inputFields(includeDeprecated: true) {
        ...InputValue
      }
      interfaces {
        ...TypeRef
      }
      enumValues(includeDeprecated: true) {
        name
        description
        isDeprecated
        deprecationReason
      }
      possibleTypes {
        ...TypeRef
      }
    }

    fragment InputValue on __InputValue {
      name
      description
      type { ...TypeRef }
      defaultValue
      isDeprecated
      deprecationReason
    }

    fragment TypeRef on __Type {
      kind
      name
      ofType {
        kind
        name
        ofType {
          kind
          name
          ofType {
            kind
            name
            ofType {
              kind
              name
              ofType {
                kind
                name
                ofType {
                  kind
                  name
                  ofType {
                    kind
                    name
                  }
                }
              }
            }
          }
        }
      }
    }
  
2022-09-14 14:37:29 info: authMiddleware
2022-09-14 14:37:29 error: null value in column "isSold" of relation "ticket_entity" violates not-null constraint
2022-09-14 14:37:29 info: mutation CreateTicket($ticketData: TicketDto!) {
  createTicket(ticketData: $ticketData) {
  id  
  valueInDollars
  }
}
2022-09-14 14:37:47 info: authMiddleware
2022-09-14 14:37:47 info: 
    query IntrospectionQuery {
      __schema {
        
        queryType { name }
        mutationType { name }
        subscriptionType { name }
        types {
          ...FullType
        }
        directives {
          name
          description
          
          locations
          args(includeDeprecated: true) {
            ...InputValue
          }
        }
      }
    }

    fragment FullType on __Type {
      kind
      name
      description
      
      fields(includeDeprecated: true) {
        name
        description
        args(includeDeprecated: true) {
          ...InputValue
        }
        type {
          ...TypeRef
        }
        isDeprecated
        deprecationReason
      }
      inputFields(includeDeprecated: true) {
        ...InputValue
      }
      interfaces {
        ...TypeRef
      }
      enumValues(includeDeprecated: true) {
        name
        description
        isDeprecated
        deprecationReason
      }
      possibleTypes {
        ...TypeRef
      }
    }

    fragment InputValue on __InputValue {
      name
      description
      type { ...TypeRef }
      defaultValue
      isDeprecated
      deprecationReason
    }

    fragment TypeRef on __Type {
      kind
      name
      ofType {
        kind
        name
        ofType {
          kind
          name
          ofType {
            kind
            name
            ofType {
              kind
              name
              ofType {
                kind
                name
                ofType {
                  kind
                  name
                  ofType {
                    kind
                    name
                  }
                }
              }
            }
          }
        }
      }
    }
  
2022-09-14 14:37:48 info: authMiddleware
2022-09-14 14:37:48 info: 
    query IntrospectionQuery {
      __schema {
        
        queryType { name }
        mutationType { name }
        subscriptionType { name }
        types {
          ...FullType
        }
        directives {
          name
          description
          
          locations
          args(includeDeprecated: true) {
            ...InputValue
          }
        }
      }
    }

    fragment FullType on __Type {
      kind
      name
      description
      
      fields(includeDeprecated: true) {
        name
        description
        args(includeDeprecated: true) {
          ...InputValue
        }
        type {
          ...TypeRef
        }
        isDeprecated
        deprecationReason
      }
      inputFields(includeDeprecated: true) {
        ...InputValue
      }
      interfaces {
        ...TypeRef
      }
      enumValues(includeDeprecated: true) {
        name
        description
        isDeprecated
        deprecationReason
      }
      possibleTypes {
        ...TypeRef
      }
    }

    fragment InputValue on __InputValue {
      name
      description
      type { ...TypeRef }
      defaultValue
      isDeprecated
      deprecationReason
    }

    fragment TypeRef on __Type {
      kind
      name
      ofType {
        kind
        name
        ofType {
          kind
          name
          ofType {
            kind
            name
            ofType {
              kind
              name
              ofType {
                kind
                name
                ofType {
                  kind
                  name
                  ofType {
                    kind
                    name
                  }
                }
              }
            }
          }
        }
      }
    }
  
2022-09-14 14:37:49 info: authMiddleware
2022-09-14 14:37:49 info: 
    query IntrospectionQuery {
      __schema {
        
        queryType { name }
        mutationType { name }
        subscriptionType { name }
        types {
          ...FullType
        }
        directives {
          name
          description
          
          locations
          args(includeDeprecated: true) {
            ...InputValue
          }
        }
      }
    }

    fragment FullType on __Type {
      kind
      name
      description
      
      fields(includeDeprecated: true) {
        name
        description
        args(includeDeprecated: true) {
          ...InputValue
        }
        type {
          ...TypeRef
        }
        isDeprecated
        deprecationReason
      }
      inputFields(includeDeprecated: true) {
        ...InputValue
      }
      interfaces {
        ...TypeRef
      }
      enumValues(includeDeprecated: true) {
        name
        description
        isDeprecated
        deprecationReason
      }
      possibleTypes {
        ...TypeRef
      }
    }

    fragment InputValue on __InputValue {
      name
      description
      type { ...TypeRef }
      defaultValue
      isDeprecated
      deprecationReason
    }

    fragment TypeRef on __Type {
      kind
      name
      ofType {
        kind
        name
        ofType {
          kind
          name
          ofType {
            kind
            name
            ofType {
              kind
              name
              ofType {
                kind
                name
                ofType {
                  kind
                  name
                  ofType {
                    kind
                    name
                  }
                }
              }
            }
          }
        }
      }
    }
  
2022-09-14 14:37:50 info: authMiddleware
2022-09-14 14:37:50 info: 
    query IntrospectionQuery {
      __schema {
        
        queryType { name }
        mutationType { name }
        subscriptionType { name }
        types {
          ...FullType
        }
        directives {
          name
          description
          
          locations
          args(includeDeprecated: true) {
            ...InputValue
          }
        }
      }
    }

    fragment FullType on __Type {
      kind
      name
      description
      
      fields(includeDeprecated: true) {
        name
        description
        args(includeDeprecated: true) {
          ...InputValue
        }
        type {
          ...TypeRef
        }
        isDeprecated
        deprecationReason
      }
      inputFields(includeDeprecated: true) {
        ...InputValue
      }
      interfaces {
        ...TypeRef
      }
      enumValues(includeDeprecated: true) {
        name
        description
        isDeprecated
        deprecationReason
      }
      possibleTypes {
        ...TypeRef
      }
    }

    fragment InputValue on __InputValue {
      name
      description
      type { ...TypeRef }
      defaultValue
      isDeprecated
      deprecationReason
    }

    fragment TypeRef on __Type {
      kind
      name
      ofType {
        kind
        name
        ofType {
          kind
          name
          ofType {
            kind
            name
            ofType {
              kind
              name
              ofType {
                kind
                name
                ofType {
                  kind
                  name
                  ofType {
                    kind
                    name
                  }
                }
              }
            }
          }
        }
      }
    }
  
2022-09-14 14:37:51 info: authMiddleware
2022-09-14 14:37:51 info: 
    query IntrospectionQuery {
      __schema {
        
        queryType { name }
        mutationType { name }
        subscriptionType { name }
        types {
          ...FullType
        }
        directives {
          name
          description
          
          locations
          args(includeDeprecated: true) {
            ...InputValue
          }
        }
      }
    }

    fragment FullType on __Type {
      kind
      name
      description
      
      fields(includeDeprecated: true) {
        name
        description
        args(includeDeprecated: true) {
          ...InputValue
        }
        type {
          ...TypeRef
        }
        isDeprecated
        deprecationReason
      }
      inputFields(includeDeprecated: true) {
        ...InputValue
      }
      interfaces {
        ...TypeRef
      }
      enumValues(includeDeprecated: true) {
        name
        description
        isDeprecated
        deprecationReason
      }
      possibleTypes {
        ...TypeRef
      }
    }

    fragment InputValue on __InputValue {
      name
      description
      type { ...TypeRef }
      defaultValue
      isDeprecated
      deprecationReason
    }

    fragment TypeRef on __Type {
      kind
      name
      ofType {
        kind
        name
        ofType {
          kind
          name
          ofType {
            kind
            name
            ofType {
              kind
              name
              ofType {
                kind
                name
                ofType {
                  kind
                  name
                  ofType {
                    kind
                    name
                  }
                }
              }
            }
          }
        }
      }
    }
  
2022-09-14 14:37:52 info: authMiddleware
2022-09-14 14:37:52 info: 
    query IntrospectionQuery {
      __schema {
        
        queryType { name }
        mutationType { name }
        subscriptionType { name }
        types {
          ...FullType
        }
        directives {
          name
          description
          
          locations
          args(includeDeprecated: true) {
            ...InputValue
          }
        }
      }
    }

    fragment FullType on __Type {
      kind
      name
      description
      
      fields(includeDeprecated: true) {
        name
        description
        args(includeDeprecated: true) {
          ...InputValue
        }
        type {
          ...TypeRef
        }
        isDeprecated
        deprecationReason
      }
      inputFields(includeDeprecated: true) {
        ...InputValue
      }
      interfaces {
        ...TypeRef
      }
      enumValues(includeDeprecated: true) {
        name
        description
        isDeprecated
        deprecationReason
      }
      possibleTypes {
        ...TypeRef
      }
    }

    fragment InputValue on __InputValue {
      name
      description
      type { ...TypeRef }
      defaultValue
      isDeprecated
      deprecationReason
    }

    fragment TypeRef on __Type {
      kind
      name
      ofType {
        kind
        name
        ofType {
          kind
          name
          ofType {
            kind
            name
            ofType {
              kind
              name
              ofType {
                kind
                name
                ofType {
                  kind
                  name
                  ofType {
                    kind
                    name
                  }
                }
              }
            }
          }
        }
      }
    }
  
2022-09-14 14:37:53 info: authMiddleware
2022-09-14 14:37:53 info: 
    query IntrospectionQuery {
      __schema {
        
        queryType { name }
        mutationType { name }
        subscriptionType { name }
        types {
          ...FullType
        }
        directives {
          name
          description
          
          locations
          args(includeDeprecated: true) {
            ...InputValue
          }
        }
      }
    }

    fragment FullType on __Type {
      kind
      name
      description
      
      fields(includeDeprecated: true) {
        name
        description
        args(includeDeprecated: true) {
          ...InputValue
        }
        type {
          ...TypeRef
        }
        isDeprecated
        deprecationReason
      }
      inputFields(includeDeprecated: true) {
        ...InputValue
      }
      interfaces {
        ...TypeRef
      }
      enumValues(includeDeprecated: true) {
        name
        description
        isDeprecated
        deprecationReason
      }
      possibleTypes {
        ...TypeRef
      }
    }

    fragment InputValue on __InputValue {
      name
      description
      type { ...TypeRef }
      defaultValue
      isDeprecated
      deprecationReason
    }

    fragment TypeRef on __Type {
      kind
      name
      ofType {
        kind
        name
        ofType {
          kind
          name
          ofType {
            kind
            name
            ofType {
              kind
              name
              ofType {
                kind
                name
                ofType {
                  kind
                  name
                  ofType {
                    kind
                    name
                  }
                }
              }
            }
          }
        }
      }
    }
  
2022-09-14 14:37:54 info: authMiddleware
2022-09-14 14:37:54 info: 
    query IntrospectionQuery {
      __schema {
        
        queryType { name }
        mutationType { name }
        subscriptionType { name }
        types {
          ...FullType
        }
        directives {
          name
          description
          
          locations
          args(includeDeprecated: true) {
            ...InputValue
          }
        }
      }
    }

    fragment FullType on __Type {
      kind
      name
      description
      
      fields(includeDeprecated: true) {
        name
        description
        args(includeDeprecated: true) {
          ...InputValue
        }
        type {
          ...TypeRef
        }
        isDeprecated
        deprecationReason
      }
      inputFields(includeDeprecated: true) {
        ...InputValue
      }
      interfaces {
        ...TypeRef
      }
      enumValues(includeDeprecated: true) {
        name
        description
        isDeprecated
        deprecationReason
      }
      possibleTypes {
        ...TypeRef
      }
    }

    fragment InputValue on __InputValue {
      name
      description
      type { ...TypeRef }
      defaultValue
      isDeprecated
      deprecationReason
    }

    fragment TypeRef on __Type {
      kind
      name
      ofType {
        kind
        name
        ofType {
          kind
          name
          ofType {
            kind
            name
            ofType {
              kind
              name
              ofType {
                kind
                name
                ofType {
                  kind
                  name
                  ofType {
                    kind
                    name
                  }
                }
              }
            }
          }
        }
      }
    }
  
2022-09-14 14:37:55 info: authMiddleware
2022-09-14 14:37:55 info: 
    query IntrospectionQuery {
      __schema {
        
        queryType { name }
        mutationType { name }
        subscriptionType { name }
        types {
          ...FullType
        }
        directives {
          name
          description
          
          locations
          args(includeDeprecated: true) {
            ...InputValue
          }
        }
      }
    }

    fragment FullType on __Type {
      kind
      name
      description
      
      fields(includeDeprecated: true) {
        name
        description
        args(includeDeprecated: true) {
          ...InputValue
        }
        type {
          ...TypeRef
        }
        isDeprecated
        deprecationReason
      }
      inputFields(includeDeprecated: true) {
        ...InputValue
      }
      interfaces {
        ...TypeRef
      }
      enumValues(includeDeprecated: true) {
        name
        description
        isDeprecated
        deprecationReason
      }
      possibleTypes {
        ...TypeRef
      }
    }

    fragment InputValue on __InputValue {
      name
      description
      type { ...TypeRef }
      defaultValue
      isDeprecated
      deprecationReason
    }

    fragment TypeRef on __Type {
      kind
      name
      ofType {
        kind
        name
        ofType {
          kind
          name
          ofType {
            kind
            name
            ofType {
              kind
              name
              ofType {
                kind
                name
                ofType {
                  kind
                  name
                  ofType {
                    kind
                    name
                  }
                }
              }
            }
          }
        }
      }
    }
  
2022-09-14 14:37:56 info: authMiddleware
2022-09-14 14:37:56 info: 
    query IntrospectionQuery {
      __schema {
        
        queryType { name }
        mutationType { name }
        subscriptionType { name }
        types {
          ...FullType
        }
        directives {
          name
          description
          
          locations
          args(includeDeprecated: true) {
            ...InputValue
          }
        }
      }
    }

    fragment FullType on __Type {
      kind
      name
      description
      
      fields(includeDeprecated: true) {
        name
        description
        args(includeDeprecated: true) {
          ...InputValue
        }
        type {
          ...TypeRef
        }
        isDeprecated
        deprecationReason
      }
      inputFields(includeDeprecated: true) {
        ...InputValue
      }
      interfaces {
        ...TypeRef
      }
      enumValues(includeDeprecated: true) {
        name
        description
        isDeprecated
        deprecationReason
      }
      possibleTypes {
        ...TypeRef
      }
    }

    fragment InputValue on __InputValue {
      name
      description
      type { ...TypeRef }
      defaultValue
      isDeprecated
      deprecationReason
    }

    fragment TypeRef on __Type {
      kind
      name
      ofType {
        kind
        name
        ofType {
          kind
          name
          ofType {
            kind
            name
            ofType {
              kind
              name
              ofType {
                kind
                name
                ofType {
                  kind
                  name
                  ofType {
                    kind
                    name
                  }
                }
              }
            }
          }
        }
      }
    }
  
2022-09-14 14:37:57 info: authMiddleware
2022-09-14 14:37:57 info: 
    query IntrospectionQuery {
      __schema {
        
        queryType { name }
        mutationType { name }
        subscriptionType { name }
        types {
          ...FullType
        }
        directives {
          name
          description
          
          locations
          args(includeDeprecated: true) {
            ...InputValue
          }
        }
      }
    }

    fragment FullType on __Type {
      kind
      name
      description
      
      fields(includeDeprecated: true) {
        name
        description
        args(includeDeprecated: true) {
          ...InputValue
        }
        type {
          ...TypeRef
        }
        isDeprecated
        deprecationReason
      }
      inputFields(includeDeprecated: true) {
        ...InputValue
      }
      interfaces {
        ...TypeRef
      }
      enumValues(includeDeprecated: true) {
        name
        description
        isDeprecated
        deprecationReason
      }
      possibleTypes {
        ...TypeRef
      }
    }

    fragment InputValue on __InputValue {
      name
      description
      type { ...TypeRef }
      defaultValue
      isDeprecated
      deprecationReason
    }

    fragment TypeRef on __Type {
      kind
      name
      ofType {
        kind
        name
        ofType {
          kind
          name
          ofType {
            kind
            name
            ofType {
              kind
              name
              ofType {
                kind
                name
                ofType {
                  kind
                  name
                  ofType {
                    kind
                    name
                  }
                }
              }
            }
          }
        }
      }
    }
  
2022-09-14 14:37:58 info: authMiddleware
2022-09-14 14:37:58 info: 
    query IntrospectionQuery {
      __schema {
        
        queryType { name }
        mutationType { name }
        subscriptionType { name }
        types {
          ...FullType
        }
        directives {
          name
          description
          
          locations
          args(includeDeprecated: true) {
            ...InputValue
          }
        }
      }
    }

    fragment FullType on __Type {
      kind
      name
      description
      
      fields(includeDeprecated: true) {
        name
        description
        args(includeDeprecated: true) {
          ...InputValue
        }
        type {
          ...TypeRef
        }
        isDeprecated
        deprecationReason
      }
      inputFields(includeDeprecated: true) {
        ...InputValue
      }
      interfaces {
        ...TypeRef
      }
      enumValues(includeDeprecated: true) {
        name
        description
        isDeprecated
        deprecationReason
      }
      possibleTypes {
        ...TypeRef
      }
    }

    fragment InputValue on __InputValue {
      name
      description
      type { ...TypeRef }
      defaultValue
      isDeprecated
      deprecationReason
    }

    fragment TypeRef on __Type {
      kind
      name
      ofType {
        kind
        name
        ofType {
          kind
          name
          ofType {
            kind
            name
            ofType {
              kind
              name
              ofType {
                kind
                name
                ofType {
                  kind
                  name
                  ofType {
                    kind
                    name
                  }
                }
              }
            }
          }
        }
      }
    }
  
2022-09-14 14:37:59 info: authMiddleware
2022-09-14 14:37:59 info: 
    query IntrospectionQuery {
      __schema {
        
        queryType { name }
        mutationType { name }
        subscriptionType { name }
        types {
          ...FullType
        }
        directives {
          name
          description
          
          locations
          args(includeDeprecated: true) {
            ...InputValue
          }
        }
      }
    }

    fragment FullType on __Type {
      kind
      name
      description
      
      fields(includeDeprecated: true) {
        name
        description
        args(includeDeprecated: true) {
          ...InputValue
        }
        type {
          ...TypeRef
        }
        isDeprecated
        deprecationReason
      }
      inputFields(includeDeprecated: true) {
        ...InputValue
      }
      interfaces {
        ...TypeRef
      }
      enumValues(includeDeprecated: true) {
        name
        description
        isDeprecated
        deprecationReason
      }
      possibleTypes {
        ...TypeRef
      }
    }

    fragment InputValue on __InputValue {
      name
      description
      type { ...TypeRef }
      defaultValue
      isDeprecated
      deprecationReason
    }

    fragment TypeRef on __Type {
      kind
      name
      ofType {
        kind
        name
        ofType {
          kind
          name
          ofType {
            kind
            name
            ofType {
              kind
              name
              ofType {
                kind
                name
                ofType {
                  kind
                  name
                  ofType {
                    kind
                    name
                  }
                }
              }
            }
          }
        }
      }
    }
  
2022-09-14 14:38:00 info: authMiddleware
2022-09-14 14:38:00 info: 
    query IntrospectionQuery {
      __schema {
        
        queryType { name }
        mutationType { name }
        subscriptionType { name }
        types {
          ...FullType
        }
        directives {
          name
          description
          
          locations
          args(includeDeprecated: true) {
            ...InputValue
          }
        }
      }
    }

    fragment FullType on __Type {
      kind
      name
      description
      
      fields(includeDeprecated: true) {
        name
        description
        args(includeDeprecated: true) {
          ...InputValue
        }
        type {
          ...TypeRef
        }
        isDeprecated
        deprecationReason
      }
      inputFields(includeDeprecated: true) {
        ...InputValue
      }
      interfaces {
        ...TypeRef
      }
      enumValues(includeDeprecated: true) {
        name
        description
        isDeprecated
        deprecationReason
      }
      possibleTypes {
        ...TypeRef
      }
    }

    fragment InputValue on __InputValue {
      name
      description
      type { ...TypeRef }
      defaultValue
      isDeprecated
      deprecationReason
    }

    fragment TypeRef on __Type {
      kind
      name
      ofType {
        kind
        name
        ofType {
          kind
          name
          ofType {
            kind
            name
            ofType {
              kind
              name
              ofType {
                kind
                name
                ofType {
                  kind
                  name
                  ofType {
                    kind
                    name
                  }
                }
              }
            }
          }
        }
      }
    }
  
2022-09-14 14:38:01 info: authMiddleware
2022-09-14 14:38:01 info: 
    query IntrospectionQuery {
      __schema {
        
        queryType { name }
        mutationType { name }
        subscriptionType { name }
        types {
          ...FullType
        }
        directives {
          name
          description
          
          locations
          args(includeDeprecated: true) {
            ...InputValue
          }
        }
      }
    }

    fragment FullType on __Type {
      kind
      name
      description
      
      fields(includeDeprecated: true) {
        name
        description
        args(includeDeprecated: true) {
          ...InputValue
        }
        type {
          ...TypeRef
        }
        isDeprecated
        deprecationReason
      }
      inputFields(includeDeprecated: true) {
        ...InputValue
      }
      interfaces {
        ...TypeRef
      }
      enumValues(includeDeprecated: true) {
        name
        description
        isDeprecated
        deprecationReason
      }
      possibleTypes {
        ...TypeRef
      }
    }

    fragment InputValue on __InputValue {
      name
      description
      type { ...TypeRef }
      defaultValue
      isDeprecated
      deprecationReason
    }

    fragment TypeRef on __Type {
      kind
      name
      ofType {
        kind
        name
        ofType {
          kind
          name
          ofType {
            kind
            name
            ofType {
              kind
              name
              ofType {
                kind
                name
                ofType {
                  kind
                  name
                  ofType {
                    kind
                    name
                  }
                }
              }
            }
          }
        }
      }
    }
  
2022-09-14 14:38:36 info: authMiddleware
2022-09-14 14:38:36 info: 
    query IntrospectionQuery {
      __schema {
        
        queryType { name }
        mutationType { name }
        subscriptionType { name }
        types {
          ...FullType
        }
        directives {
          name
          description
          
          locations
          args(includeDeprecated: true) {
            ...InputValue
          }
        }
      }
    }

    fragment FullType on __Type {
      kind
      name
      description
      
      fields(includeDeprecated: true) {
        name
        description
        args(includeDeprecated: true) {
          ...InputValue
        }
        type {
          ...TypeRef
        }
        isDeprecated
        deprecationReason
      }
      inputFields(includeDeprecated: true) {
        ...InputValue
      }
      interfaces {
        ...TypeRef
      }
      enumValues(includeDeprecated: true) {
        name
        description
        isDeprecated
        deprecationReason
      }
      possibleTypes {
        ...TypeRef
      }
    }

    fragment InputValue on __InputValue {
      name
      description
      type { ...TypeRef }
      defaultValue
      isDeprecated
      deprecationReason
    }

    fragment TypeRef on __Type {
      kind
      name
      ofType {
        kind
        name
        ofType {
          kind
          name
          ofType {
            kind
            name
            ofType {
              kind
              name
              ofType {
                kind
                name
                ofType {
                  kind
                  name
                  ofType {
                    kind
                    name
                  }
                }
              }
            }
          }
        }
      }
    }
  
2022-09-14 14:39:14 info: authMiddleware
2022-09-14 14:39:14 error: relation "raffle_entity" does not exist
2022-09-14 14:39:14 info: mutation Mutation($raffleData: RaffleDto!) {
  createRaffle(raffleData: $raffleData) {
    description
    id
    name
  }
}
2022-09-14 14:39:20 info: authMiddleware
2022-09-14 14:39:20 info: 
    query IntrospectionQuery {
      __schema {
        
        queryType { name }
        mutationType { name }
        subscriptionType { name }
        types {
          ...FullType
        }
        directives {
          name
          description
          
          locations
          args(includeDeprecated: true) {
            ...InputValue
          }
        }
      }
    }

    fragment FullType on __Type {
      kind
      name
      description
      
      fields(includeDeprecated: true) {
        name
        description
        args(includeDeprecated: true) {
          ...InputValue
        }
        type {
          ...TypeRef
        }
        isDeprecated
        deprecationReason
      }
      inputFields(includeDeprecated: true) {
        ...InputValue
      }
      interfaces {
        ...TypeRef
      }
      enumValues(includeDeprecated: true) {
        name
        description
        isDeprecated
        deprecationReason
      }
      possibleTypes {
        ...TypeRef
      }
    }

    fragment InputValue on __InputValue {
      name
      description
      type { ...TypeRef }
      defaultValue
      isDeprecated
      deprecationReason
    }

    fragment TypeRef on __Type {
      kind
      name
      ofType {
        kind
        name
        ofType {
          kind
          name
          ofType {
            kind
            name
            ofType {
              kind
              name
              ofType {
                kind
                name
                ofType {
                  kind
                  name
                  ofType {
                    kind
                    name
                  }
                }
              }
            }
          }
        }
      }
    }
  
2022-09-14 14:39:21 info: authMiddleware
2022-09-14 14:39:21 info: 
    query IntrospectionQuery {
      __schema {
        
        queryType { name }
        mutationType { name }
        subscriptionType { name }
        types {
          ...FullType
        }
        directives {
          name
          description
          
          locations
          args(includeDeprecated: true) {
            ...InputValue
          }
        }
      }
    }

    fragment FullType on __Type {
      kind
      name
      description
      
      fields(includeDeprecated: true) {
        name
        description
        args(includeDeprecated: true) {
          ...InputValue
        }
        type {
          ...TypeRef
        }
        isDeprecated
        deprecationReason
      }
      inputFields(includeDeprecated: true) {
        ...InputValue
      }
      interfaces {
        ...TypeRef
      }
      enumValues(includeDeprecated: true) {
        name
        description
        isDeprecated
        deprecationReason
      }
      possibleTypes {
        ...TypeRef
      }
    }

    fragment InputValue on __InputValue {
      name
      description
      type { ...TypeRef }
      defaultValue
      isDeprecated
      deprecationReason
    }

    fragment TypeRef on __Type {
      kind
      name
      ofType {
        kind
        name
        ofType {
          kind
          name
          ofType {
            kind
            name
            ofType {
              kind
              name
              ofType {
                kind
                name
                ofType {
                  kind
                  name
                  ofType {
                    kind
                    name
                  }
                }
              }
            }
          }
        }
      }
    }
  
2022-09-14 14:39:22 info: authMiddleware
2022-09-14 14:39:22 error: relation "raffle_entity" does not exist
2022-09-14 14:39:22 info: mutation Mutation($raffleData: RaffleDto!) {
  createRaffle(raffleData: $raffleData) {
    description
    id
    name
  }
}
2022-09-14 14:39:22 info: authMiddleware
2022-09-14 14:39:22 info: 
    query IntrospectionQuery {
      __schema {
        
        queryType { name }
        mutationType { name }
        subscriptionType { name }
        types {
          ...FullType
        }
        directives {
          name
          description
          
          locations
          args(includeDeprecated: true) {
            ...InputValue
          }
        }
      }
    }

    fragment FullType on __Type {
      kind
      name
      description
      
      fields(includeDeprecated: true) {
        name
        description
        args(includeDeprecated: true) {
          ...InputValue
        }
        type {
          ...TypeRef
        }
        isDeprecated
        deprecationReason
      }
      inputFields(includeDeprecated: true) {
        ...InputValue
      }
      interfaces {
        ...TypeRef
      }
      enumValues(includeDeprecated: true) {
        name
        description
        isDeprecated
        deprecationReason
      }
      possibleTypes {
        ...TypeRef
      }
    }

    fragment InputValue on __InputValue {
      name
      description
      type { ...TypeRef }
      defaultValue
      isDeprecated
      deprecationReason
    }

    fragment TypeRef on __Type {
      kind
      name
      ofType {
        kind
        name
        ofType {
          kind
          name
          ofType {
            kind
            name
            ofType {
              kind
              name
              ofType {
                kind
                name
                ofType {
                  kind
                  name
                  ofType {
                    kind
                    name
                  }
                }
              }
            }
          }
        }
      }
    }
  
2022-09-14 14:39:23 info: authMiddleware
2022-09-14 14:39:23 info: 
    query IntrospectionQuery {
      __schema {
        
        queryType { name }
        mutationType { name }
        subscriptionType { name }
        types {
          ...FullType
        }
        directives {
          name
          description
          
          locations
          args(includeDeprecated: true) {
            ...InputValue
          }
        }
      }
    }

    fragment FullType on __Type {
      kind
      name
      description
      
      fields(includeDeprecated: true) {
        name
        description
        args(includeDeprecated: true) {
          ...InputValue
        }
        type {
          ...TypeRef
        }
        isDeprecated
        deprecationReason
      }
      inputFields(includeDeprecated: true) {
        ...InputValue
      }
      interfaces {
        ...TypeRef
      }
      enumValues(includeDeprecated: true) {
        name
        description
        isDeprecated
        deprecationReason
      }
      possibleTypes {
        ...TypeRef
      }
    }

    fragment InputValue on __InputValue {
      name
      description
      type { ...TypeRef }
      defaultValue
      isDeprecated
      deprecationReason
    }

    fragment TypeRef on __Type {
      kind
      name
      ofType {
        kind
        name
        ofType {
          kind
          name
          ofType {
            kind
            name
            ofType {
              kind
              name
              ofType {
                kind
                name
                ofType {
                  kind
                  name
                  ofType {
                    kind
                    name
                  }
                }
              }
            }
          }
        }
      }
    }
  
2022-09-14 14:39:24 info: authMiddleware
2022-09-14 14:39:24 info: 
    query IntrospectionQuery {
      __schema {
        
        queryType { name }
        mutationType { name }
        subscriptionType { name }
        types {
          ...FullType
        }
        directives {
          name
          description
          
          locations
          args(includeDeprecated: true) {
            ...InputValue
          }
        }
      }
    }

    fragment FullType on __Type {
      kind
      name
      description
      
      fields(includeDeprecated: true) {
        name
        description
        args(includeDeprecated: true) {
          ...InputValue
        }
        type {
          ...TypeRef
        }
        isDeprecated
        deprecationReason
      }
      inputFields(includeDeprecated: true) {
        ...InputValue
      }
      interfaces {
        ...TypeRef
      }
      enumValues(includeDeprecated: true) {
        name
        description
        isDeprecated
        deprecationReason
      }
      possibleTypes {
        ...TypeRef
      }
    }

    fragment InputValue on __InputValue {
      name
      description
      type { ...TypeRef }
      defaultValue
      isDeprecated
      deprecationReason
    }

    fragment TypeRef on __Type {
      kind
      name
      ofType {
        kind
        name
        ofType {
          kind
          name
          ofType {
            kind
            name
            ofType {
              kind
              name
              ofType {
                kind
                name
                ofType {
                  kind
                  name
                  ofType {
                    kind
                    name
                  }
                }
              }
            }
          }
        }
      }
    }
  
2022-09-14 14:39:25 info: authMiddleware
2022-09-14 14:39:25 info: 
    query IntrospectionQuery {
      __schema {
        
        queryType { name }
        mutationType { name }
        subscriptionType { name }
        types {
          ...FullType
        }
        directives {
          name
          description
          
          locations
          args(includeDeprecated: true) {
            ...InputValue
          }
        }
      }
    }

    fragment FullType on __Type {
      kind
      name
      description
      
      fields(includeDeprecated: true) {
        name
        description
        args(includeDeprecated: true) {
          ...InputValue
        }
        type {
          ...TypeRef
        }
        isDeprecated
        deprecationReason
      }
      inputFields(includeDeprecated: true) {
        ...InputValue
      }
      interfaces {
        ...TypeRef
      }
      enumValues(includeDeprecated: true) {
        name
        description
        isDeprecated
        deprecationReason
      }
      possibleTypes {
        ...TypeRef
      }
    }

    fragment InputValue on __InputValue {
      name
      description
      type { ...TypeRef }
      defaultValue
      isDeprecated
      deprecationReason
    }

    fragment TypeRef on __Type {
      kind
      name
      ofType {
        kind
        name
        ofType {
          kind
          name
          ofType {
            kind
            name
            ofType {
              kind
              name
              ofType {
                kind
                name
                ofType {
                  kind
                  name
                  ofType {
                    kind
                    name
                  }
                }
              }
            }
          }
        }
      }
    }
  
2022-09-14 14:39:31 info: =================================
2022-09-14 14:39:31 info: ======= ENV: development =======
2022-09-14 14:39:31 info: 🚀 App listening on the port 3005
2022-09-14 14:39:31 info: 🎮 http://localhost:3005/graphql
2022-09-14 14:39:31 info: =================================
2022-09-14 14:39:36 info: authMiddleware
2022-09-14 14:39:36 info: mutation Mutation($raffleData: RaffleDto!) {
  createRaffle(raffleData: $raffleData) {
    description
    id
    name
  }
}
2022-09-14 14:40:11 info: authMiddleware
2022-09-14 14:40:11 error: null value in column "isSold" of relation "ticket_entity" violates not-null constraint
2022-09-14 14:40:11 info: mutation CreateTicket($ticketData: TicketDto!) {
  createTicket(ticketData: $ticketData) {
   id 
  }
}
2022-09-14 14:43:53 info: =================================
2022-09-14 14:43:53 info: ======= ENV: development =======
2022-09-14 14:43:53 info: 🚀 App listening on the port 3005
2022-09-14 14:43:53 info: 🎮 http://localhost:3005/graphql
2022-09-14 14:43:53 info: =================================
2022-09-14 14:44:40 info: authMiddleware
2022-09-14 14:44:40 error: null value in column "isSold" of relation "ticket_entity" violates not-null constraint
2022-09-14 14:44:40 info: mutation CreateTicket($ticketData: TicketDto!) {
  createTicket(ticketData: $ticketData) {
   id 
  }
}
2022-09-14 14:45:34 info: =================================
2022-09-14 14:45:34 info: ======= ENV: development =======
2022-09-14 14:45:34 info: 🚀 App listening on the port 3005
2022-09-14 14:45:34 info: 🎮 http://localhost:3005/graphql
2022-09-14 14:45:34 info: =================================
2022-09-14 14:46:03 info: =================================
2022-09-14 14:46:03 info: ======= ENV: development =======
2022-09-14 14:46:03 info: 🚀 App listening on the port 3005
2022-09-14 14:46:03 info: 🎮 http://localhost:3005/graphql
2022-09-14 14:46:03 info: =================================
2022-09-14 14:46:12 info: authMiddleware
2022-09-14 14:46:12 info: mutation CreateTicket($ticketData: TicketDto!) {
  createTicket(ticketData: $ticketData) {
   id 
  }
}
2022-09-14 21:46:22 info: =================================
2022-09-14 21:46:22 info: ======= ENV: development =======
2022-09-14 21:46:22 info: 🚀 App listening on the port 3005
2022-09-14 21:46:22 info: 🎮 http://localhost:3005/graphql
2022-09-14 21:46:22 info: =================================
2022-09-14 21:47:13 info: =================================
2022-09-14 21:47:13 info: ======= ENV: development =======
2022-09-14 21:47:13 info: 🚀 App listening on the port 3005
2022-09-14 21:47:13 info: 🎮 http://localhost:3005/graphql
2022-09-14 21:47:13 info: =================================
2022-09-14 21:48:04 info: =================================
2022-09-14 21:48:04 info: ======= ENV: development =======
2022-09-14 21:48:04 info: 🚀 App listening on the port 3005
2022-09-14 21:48:04 info: 🎮 http://localhost:3005/graphql
2022-09-14 21:48:04 info: =================================
2022-09-14 21:49:35 info: =================================
2022-09-14 21:49:35 info: ======= ENV: development =======
2022-09-14 21:49:35 info: 🚀 App listening on the port 3005
2022-09-14 21:49:35 info: 🎮 http://localhost:3005/graphql
2022-09-14 21:49:35 info: =================================
2022-09-14 21:50:06 info: =================================
2022-09-14 21:50:06 info: ======= ENV: development =======
2022-09-14 21:50:06 info: 🚀 App listening on the port 3005
2022-09-14 21:50:06 info: 🎮 http://localhost:3005/graphql
2022-09-14 21:50:06 info: =================================
2022-09-14 21:50:44 info: =================================
2022-09-14 21:50:44 info: ======= ENV: development =======
2022-09-14 21:50:44 info: 🚀 App listening on the port 3005
2022-09-14 21:50:44 info: 🎮 http://localhost:3005/graphql
2022-09-14 21:50:44 info: =================================
2022-09-14 21:51:08 info: authMiddleware
2022-09-14 21:51:08 info: 
    query IntrospectionQuery {
      __schema {
        
        queryType { name }
        mutationType { name }
        subscriptionType { name }
        types {
          ...FullType
        }
        directives {
          name
          description
          
          locations
          args(includeDeprecated: true) {
            ...InputValue
          }
        }
      }
    }

    fragment FullType on __Type {
      kind
      name
      description
      
      fields(includeDeprecated: true) {
        name
        description
        args(includeDeprecated: true) {
          ...InputValue
        }
        type {
          ...TypeRef
        }
        isDeprecated
        deprecationReason
      }
      inputFields(includeDeprecated: true) {
        ...InputValue
      }
      interfaces {
        ...TypeRef
      }
      enumValues(includeDeprecated: true) {
        name
        description
        isDeprecated
        deprecationReason
      }
      possibleTypes {
        ...TypeRef
      }
    }

    fragment InputValue on __InputValue {
      name
      description
      type { ...TypeRef }
      defaultValue
      isDeprecated
      deprecationReason
    }

    fragment TypeRef on __Type {
      kind
      name
      ofType {
        kind
        name
        ofType {
          kind
          name
          ofType {
            kind
            name
            ofType {
              kind
              name
              ofType {
                kind
                name
                ofType {
                  kind
                  name
                  ofType {
                    kind
                    name
                  }
                }
              }
            }
          }
        }
      }
    }
  
2022-09-14 21:52:36 info: =================================
2022-09-14 21:52:36 info: ======= ENV: development =======
2022-09-14 21:52:36 info: 🚀 App listening on the port 3005
2022-09-14 21:52:36 info: 🎮 http://localhost:3005/graphql
2022-09-14 21:52:36 info: =================================
2022-09-14 21:52:37 info: authMiddleware
2022-09-14 21:52:37 info: 
    query IntrospectionQuery {
      __schema {
        
        queryType { name }
        mutationType { name }
        subscriptionType { name }
        types {
          ...FullType
        }
        directives {
          name
          description
          
          locations
          args(includeDeprecated: true) {
            ...InputValue
          }
        }
      }
    }

    fragment FullType on __Type {
      kind
      name
      description
      
      fields(includeDeprecated: true) {
        name
        description
        args(includeDeprecated: true) {
          ...InputValue
        }
        type {
          ...TypeRef
        }
        isDeprecated
        deprecationReason
      }
      inputFields(includeDeprecated: true) {
        ...InputValue
      }
      interfaces {
        ...TypeRef
      }
      enumValues(includeDeprecated: true) {
        name
        description
        isDeprecated
        deprecationReason
      }
      possibleTypes {
        ...TypeRef
      }
    }

    fragment InputValue on __InputValue {
      name
      description
      type { ...TypeRef }
      defaultValue
      isDeprecated
      deprecationReason
    }

    fragment TypeRef on __Type {
      kind
      name
      ofType {
        kind
        name
        ofType {
          kind
          name
          ofType {
            kind
            name
            ofType {
              kind
              name
              ofType {
                kind
                name
                ofType {
                  kind
                  name
                  ofType {
                    kind
                    name
                  }
                }
              }
            }
          }
        }
      }
    }
  
2022-09-14 21:53:01 info: authMiddleware
2022-09-14 21:53:01 error: Cannot return null for non-nullable field Query.tickets.
2022-09-14 21:53:01 info: query Tickets($raffleId: Float!) {
  tickets(raffleId: $raffleId) {
  id  
  }
}
2022-09-14 21:54:21 info: =================================
2022-09-14 21:54:21 info: ======= ENV: development =======
2022-09-14 21:54:21 info: 🚀 App listening on the port 3005
2022-09-14 21:54:21 info: 🎮 http://localhost:3005/graphql
2022-09-14 21:54:21 info: =================================
2022-09-14 21:54:23 info: authMiddleware
2022-09-14 21:54:23 error: Cannot return null for non-nullable field Query.tickets.
2022-09-14 21:54:23 info: query Tickets($raffleId: Float!) {
  tickets(raffleId: $raffleId) {
  id  
  }
}
2022-09-14 21:57:47 info: =================================
2022-09-14 21:57:47 info: ======= ENV: development =======
2022-09-14 21:57:47 info: 🚀 App listening on the port 3005
2022-09-14 21:57:47 info: 🎮 http://localhost:3005/graphql
2022-09-14 21:57:47 info: =================================
2022-09-14 21:57:53 info: authMiddleware
2022-09-14 21:57:53 error: Cannot return null for non-nullable field Query.tickets.
2022-09-14 21:57:53 info: query Tickets($raffleId: Float!) {
  tickets(raffleId: $raffleId) {
  id  
  }
}
2022-09-14 21:58:39 info: =================================
2022-09-14 21:58:39 info: ======= ENV: development =======
2022-09-14 21:58:39 info: 🚀 App listening on the port 3005
2022-09-14 21:58:39 info: 🎮 http://localhost:3005/graphql
2022-09-14 21:58:39 info: =================================
2022-09-14 21:58:42 info: authMiddleware
2022-09-14 21:58:42 info: query Tickets($raffleId: Float!) {
  tickets(raffleId: $raffleId) {
  id  
  }
}
