2022-09-13 22:32:35 info: =================================
2022-09-13 22:32:35 info: ======= ENV: development =======
2022-09-13 22:32:35 info: 🚀 App listening on the port 3005
2022-09-13 22:32:35 info: 🎮 http://localhost:3005/graphql
2022-09-13 22:32:35 info: =================================
2022-09-13 22:39:09 info: =================================
2022-09-13 22:39:09 info: ======= ENV: development =======
2022-09-13 22:39:09 info: 🚀 App listening on the port 3005
2022-09-13 22:39:09 info: 🎮 http://localhost:3005/graphql
2022-09-13 22:39:09 info: =================================
2022-09-13 22:39:44 info: =================================
2022-09-13 22:39:44 info: ======= ENV: development =======
2022-09-13 22:39:44 info: 🚀 App listening on the port 3005
2022-09-13 22:39:44 info: 🎮 http://localhost:3005/graphql
2022-09-13 22:39:44 info: =================================
2022-09-13 22:52:58 info: =================================
2022-09-13 22:52:58 info: ======= ENV: development =======
2022-09-13 22:52:58 info: 🚀 App listening on the port 3005
2022-09-13 22:52:58 info: 🎮 http://localhost:3005/graphql
2022-09-13 22:52:58 info: =================================
2022-09-13 22:53:07 info: =================================
2022-09-13 22:53:07 info: ======= ENV: development =======
2022-09-13 22:53:07 info: 🚀 App listening on the port 3005
2022-09-13 22:53:07 info: 🎮 http://localhost:3005/graphql
2022-09-13 22:53:07 info: =================================
2022-09-13 22:53:18 info: =================================
2022-09-13 22:53:18 info: ======= ENV: development =======
2022-09-13 22:53:18 info: 🚀 App listening on the port 3005
2022-09-13 22:53:18 info: 🎮 http://localhost:3005/graphql
2022-09-13 22:53:18 info: =================================
2022-09-13 22:53:27 info: =================================
2022-09-13 22:53:27 info: ======= ENV: development =======
2022-09-13 22:53:27 info: 🚀 App listening on the port 3005
2022-09-13 22:53:27 info: 🎮 http://localhost:3005/graphql
2022-09-13 22:53:27 info: =================================
2022-09-13 22:54:03 info: =================================
2022-09-13 22:54:03 info: ======= ENV: development =======
2022-09-13 22:54:03 info: 🚀 App listening on the port 3005
2022-09-13 22:54:03 info: 🎮 http://localhost:3005/graphql
2022-09-13 22:54:03 info: =================================
2022-09-13 22:54:05 info: =================================
2022-09-13 22:54:05 info: ======= ENV: development =======
2022-09-13 22:54:05 info: 🚀 App listening on the port 3005
2022-09-13 22:54:05 info: 🎮 http://localhost:3005/graphql
2022-09-13 22:54:05 info: =================================
2022-09-13 22:54:41 info: =================================
2022-09-13 22:54:41 info: ======= ENV: development =======
2022-09-13 22:54:41 info: 🚀 App listening on the port 3005
2022-09-13 22:54:41 info: 🎮 http://localhost:3005/graphql
2022-09-13 22:54:41 info: =================================
2022-09-13 22:55:51 info: =================================
2022-09-13 22:55:51 info: ======= ENV: development =======
2022-09-13 22:55:51 info: 🚀 App listening on the port 3005
2022-09-13 22:55:51 info: 🎮 http://localhost:3005/graphql
2022-09-13 22:55:51 info: =================================
2022-09-13 22:56:12 info: =================================
2022-09-13 22:56:12 info: ======= ENV: development =======
2022-09-13 22:56:12 info: 🚀 App listening on the port 3005
2022-09-13 22:56:12 info: 🎮 http://localhost:3005/graphql
2022-09-13 22:56:12 info: =================================
2022-09-13 22:57:45 info: =================================
2022-09-13 22:57:45 info: ======= ENV: development =======
2022-09-13 22:57:45 info: 🚀 App listening on the port 3005
2022-09-13 22:57:45 info: 🎮 http://localhost:3005/graphql
2022-09-13 22:57:45 info: =================================
2022-09-13 22:57:54 info: =================================
2022-09-13 22:57:54 info: ======= ENV: development =======
2022-09-13 22:57:54 info: 🚀 App listening on the port 3005
2022-09-13 22:57:54 info: 🎮 http://localhost:3005/graphql
2022-09-13 22:57:54 info: =================================
2022-09-13 22:58:04 info: =================================
2022-09-13 22:58:04 info: ======= ENV: development =======
2022-09-13 22:58:04 info: 🚀 App listening on the port 3005
2022-09-13 22:58:04 info: 🎮 http://localhost:3005/graphql
2022-09-13 22:58:04 info: =================================
2022-09-13 22:58:08 info: =================================
2022-09-13 22:58:08 info: ======= ENV: development =======
2022-09-13 22:58:08 info: 🚀 App listening on the port 3005
2022-09-13 22:58:08 info: 🎮 http://localhost:3005/graphql
2022-09-13 22:58:08 info: =================================
2022-09-13 22:58:21 info: =================================
2022-09-13 22:58:21 info: ======= ENV: development =======
2022-09-13 22:58:21 info: 🚀 App listening on the port 3005
2022-09-13 22:58:21 info: 🎮 http://localhost:3005/graphql
2022-09-13 22:58:21 info: =================================
2022-09-13 22:58:23 info: =================================
2022-09-13 22:58:23 info: ======= ENV: development =======
2022-09-13 22:58:23 info: 🚀 App listening on the port 3005
2022-09-13 22:58:23 info: 🎮 http://localhost:3005/graphql
2022-09-13 22:58:23 info: =================================
2022-09-13 22:59:05 info: =================================
2022-09-13 22:59:05 info: ======= ENV: development =======
2022-09-13 22:59:05 info: 🚀 App listening on the port 3005
2022-09-13 22:59:05 info: 🎮 http://localhost:3005/graphql
2022-09-13 22:59:05 info: =================================
2022-09-13 22:59:09 info: =================================
2022-09-13 22:59:09 info: ======= ENV: development =======
2022-09-13 22:59:09 info: 🚀 App listening on the port 3005
2022-09-13 22:59:09 info: 🎮 http://localhost:3005/graphql
2022-09-13 22:59:09 info: =================================
2022-09-13 23:00:21 info: =================================
2022-09-13 23:00:21 info: ======= ENV: development =======
2022-09-13 23:00:21 info: 🚀 App listening on the port 3005
2022-09-13 23:00:21 info: 🎮 http://localhost:3005/graphql
2022-09-13 23:00:21 info: =================================
2022-09-13 23:00:49 info: =================================
2022-09-13 23:00:49 info: ======= ENV: development =======
2022-09-13 23:00:49 info: 🚀 App listening on the port 3005
2022-09-13 23:00:49 info: 🎮 http://localhost:3005/graphql
2022-09-13 23:00:49 info: =================================
2022-09-13 23:00:54 info: =================================
2022-09-13 23:00:54 info: ======= ENV: development =======
2022-09-13 23:00:54 info: 🚀 App listening on the port 3005
2022-09-13 23:00:54 info: 🎮 http://localhost:3005/graphql
2022-09-13 23:00:54 info: =================================
2022-09-13 23:01:19 info: =================================
2022-09-13 23:01:19 info: ======= ENV: development =======
2022-09-13 23:01:19 info: 🚀 App listening on the port 3005
2022-09-13 23:01:19 info: 🎮 http://localhost:3005/graphql
2022-09-13 23:01:19 info: =================================
2022-09-13 23:01:30 info: =================================
2022-09-13 23:01:30 info: ======= ENV: development =======
2022-09-13 23:01:30 info: 🚀 App listening on the port 3005
2022-09-13 23:01:30 info: 🎮 http://localhost:3005/graphql
2022-09-13 23:01:30 info: =================================
2022-09-13 23:03:54 info: =================================
2022-09-13 23:03:54 info: ======= ENV: development =======
2022-09-13 23:03:54 info: 🚀 App listening on the port 3005
2022-09-13 23:03:54 info: 🎮 http://localhost:3005/graphql
2022-09-13 23:03:54 info: =================================
2022-09-13 23:05:27 info: =================================
2022-09-13 23:05:27 info: ======= ENV: development =======
2022-09-13 23:05:27 info: 🚀 App listening on the port 3005
2022-09-13 23:05:27 info: 🎮 http://localhost:3005/graphql
2022-09-13 23:05:27 info: =================================
2022-09-13 23:06:32 info: =================================
2022-09-13 23:06:32 info: ======= ENV: development =======
2022-09-13 23:06:32 info: 🚀 App listening on the port 3005
2022-09-13 23:06:32 info: 🎮 http://localhost:3005/graphql
2022-09-13 23:06:32 info: =================================
2022-09-13 23:06:47 info: =================================
2022-09-13 23:06:47 info: ======= ENV: development =======
2022-09-13 23:06:47 info: 🚀 App listening on the port 3005
2022-09-13 23:06:47 info: 🎮 http://localhost:3005/graphql
2022-09-13 23:06:47 info: =================================
2022-09-13 23:06:54 info: =================================
2022-09-13 23:06:54 info: ======= ENV: development =======
2022-09-13 23:06:54 info: 🚀 App listening on the port 3005
2022-09-13 23:06:54 info: 🎮 http://localhost:3005/graphql
2022-09-13 23:06:54 info: =================================
2022-09-13 23:08:07 info: =================================
2022-09-13 23:08:07 info: ======= ENV: development =======
2022-09-13 23:08:07 info: 🚀 App listening on the port 3005
2022-09-13 23:08:07 info: 🎮 http://localhost:3005/graphql
2022-09-13 23:08:07 info: =================================
2022-09-13 23:08:22 info: =================================
2022-09-13 23:08:22 info: ======= ENV: development =======
2022-09-13 23:08:22 info: 🚀 App listening on the port 3005
2022-09-13 23:08:22 info: 🎮 http://localhost:3005/graphql
2022-09-13 23:08:22 info: =================================
2022-09-13 23:08:31 info: =================================
2022-09-13 23:08:31 info: ======= ENV: development =======
2022-09-13 23:08:31 info: 🚀 App listening on the port 3005
2022-09-13 23:08:31 info: 🎮 http://localhost:3005/graphql
2022-09-13 23:08:31 info: =================================
2022-09-13 23:08:56 info: =================================
2022-09-13 23:08:56 info: ======= ENV: development =======
2022-09-13 23:08:56 info: 🚀 App listening on the port 3005
2022-09-13 23:08:56 info: 🎮 http://localhost:3005/graphql
2022-09-13 23:08:56 info: =================================
2022-09-13 23:09:03 info: =================================
2022-09-13 23:09:03 info: ======= ENV: development =======
2022-09-13 23:09:03 info: 🚀 App listening on the port 3005
2022-09-13 23:09:03 info: 🎮 http://localhost:3005/graphql
2022-09-13 23:09:03 info: =================================
2022-09-13 23:09:10 info: =================================
2022-09-13 23:09:10 info: ======= ENV: development =======
2022-09-13 23:09:10 info: 🚀 App listening on the port 3005
2022-09-13 23:09:10 info: 🎮 http://localhost:3005/graphql
2022-09-13 23:09:10 info: =================================
2022-09-13 23:09:21 info: =================================
2022-09-13 23:09:21 info: ======= ENV: development =======
2022-09-13 23:09:21 info: 🚀 App listening on the port 3005
2022-09-13 23:09:21 info: 🎮 http://localhost:3005/graphql
2022-09-13 23:09:21 info: =================================
2022-09-13 23:09:29 info: =================================
2022-09-13 23:09:29 info: ======= ENV: development =======
2022-09-13 23:09:29 info: 🚀 App listening on the port 3005
2022-09-13 23:09:29 info: 🎮 http://localhost:3005/graphql
2022-09-13 23:09:29 info: =================================
2022-09-13 23:09:37 info: =================================
2022-09-13 23:09:37 info: ======= ENV: development =======
2022-09-13 23:09:37 info: 🚀 App listening on the port 3005
2022-09-13 23:09:37 info: 🎮 http://localhost:3005/graphql
2022-09-13 23:09:37 info: =================================
2022-09-13 23:09:56 info: =================================
2022-09-13 23:09:56 info: ======= ENV: development =======
2022-09-13 23:09:56 info: 🚀 App listening on the port 3005
2022-09-13 23:09:56 info: 🎮 http://localhost:3005/graphql
2022-09-13 23:09:56 info: =================================
2022-09-13 23:10:16 info: =================================
2022-09-13 23:10:16 info: ======= ENV: development =======
2022-09-13 23:10:16 info: 🚀 App listening on the port 3005
2022-09-13 23:10:16 info: 🎮 http://localhost:3005/graphql
2022-09-13 23:10:16 info: =================================
2022-09-13 23:11:20 info: =================================
2022-09-13 23:11:20 info: ======= ENV: development =======
2022-09-13 23:11:20 info: 🚀 App listening on the port 3005
2022-09-13 23:11:20 info: 🎮 http://localhost:3005/graphql
2022-09-13 23:11:20 info: =================================
2022-09-13 23:11:26 info: =================================
2022-09-13 23:11:26 info: ======= ENV: development =======
2022-09-13 23:11:26 info: 🚀 App listening on the port 3005
2022-09-13 23:11:26 info: 🎮 http://localhost:3005/graphql
2022-09-13 23:11:26 info: =================================
2022-09-13 23:12:08 info: =================================
2022-09-13 23:12:08 info: ======= ENV: development =======
2022-09-13 23:12:08 info: 🚀 App listening on the port 3005
2022-09-13 23:12:08 info: 🎮 http://localhost:3005/graphql
2022-09-13 23:12:08 info: =================================
2022-09-13 23:12:16 info: =================================
2022-09-13 23:12:16 info: ======= ENV: development =======
2022-09-13 23:12:16 info: 🚀 App listening on the port 3005
2022-09-13 23:12:16 info: 🎮 http://localhost:3005/graphql
2022-09-13 23:12:16 info: =================================
2022-09-13 23:13:01 info: =================================
2022-09-13 23:13:01 info: ======= ENV: development =======
2022-09-13 23:13:01 info: 🚀 App listening on the port 3005
2022-09-13 23:13:01 info: 🎮 http://localhost:3005/graphql
2022-09-13 23:13:01 info: =================================
2022-09-13 23:13:16 info: =================================
2022-09-13 23:13:16 info: ======= ENV: development =======
2022-09-13 23:13:16 info: 🚀 App listening on the port 3005
2022-09-13 23:13:16 info: 🎮 http://localhost:3005/graphql
2022-09-13 23:13:16 info: =================================
2022-09-13 23:13:45 info: =================================
2022-09-13 23:13:45 info: ======= ENV: development =======
2022-09-13 23:13:45 info: 🚀 App listening on the port 3005
2022-09-13 23:13:45 info: 🎮 http://localhost:3005/graphql
2022-09-13 23:13:45 info: =================================
2022-09-13 23:14:27 info: =================================
2022-09-13 23:14:27 info: ======= ENV: development =======
2022-09-13 23:14:27 info: 🚀 App listening on the port 3005
2022-09-13 23:14:27 info: 🎮 http://localhost:3005/graphql
2022-09-13 23:14:27 info: =================================
2022-09-13 23:14:57 info: =================================
2022-09-13 23:14:57 info: ======= ENV: development =======
2022-09-13 23:14:57 info: 🚀 App listening on the port 3005
2022-09-13 23:14:57 info: 🎮 http://localhost:3005/graphql
2022-09-13 23:14:57 info: =================================
2022-09-13 23:15:10 info: =================================
2022-09-13 23:15:10 info: ======= ENV: development =======
2022-09-13 23:15:10 info: 🚀 App listening on the port 3005
2022-09-13 23:15:10 info: 🎮 http://localhost:3005/graphql
2022-09-13 23:15:10 info: =================================
2022-09-13 23:15:15 info: =================================
2022-09-13 23:15:15 info: ======= ENV: development =======
2022-09-13 23:15:15 info: 🚀 App listening on the port 3005
2022-09-13 23:15:15 info: 🎮 http://localhost:3005/graphql
2022-09-13 23:15:15 info: =================================
2022-09-13 23:16:01 info: =================================
2022-09-13 23:16:01 info: ======= ENV: development =======
2022-09-13 23:16:01 info: 🚀 App listening on the port 3005
2022-09-13 23:16:01 info: 🎮 http://localhost:3005/graphql
2022-09-13 23:16:01 info: =================================
2022-09-13 23:16:07 info: =================================
2022-09-13 23:16:07 info: ======= ENV: development =======
2022-09-13 23:16:07 info: 🚀 App listening on the port 3005
2022-09-13 23:16:07 info: 🎮 http://localhost:3005/graphql
2022-09-13 23:16:07 info: =================================
2022-09-13 23:27:24 info: =================================
2022-09-13 23:27:24 info: ======= ENV: development =======
2022-09-13 23:27:24 info: 🚀 App listening on the port 3005
2022-09-13 23:27:24 info: 🎮 http://localhost:3005/graphql
2022-09-13 23:27:24 info: =================================
2022-09-13 23:28:46 info: =================================
2022-09-13 23:28:46 info: ======= ENV: development =======
2022-09-13 23:28:46 info: 🚀 App listening on the port 3005
2022-09-13 23:28:46 info: 🎮 http://localhost:3005/graphql
2022-09-13 23:28:46 info: =================================
2022-09-13 23:28:52 info: =================================
2022-09-13 23:28:52 info: ======= ENV: development =======
2022-09-13 23:28:52 info: 🚀 App listening on the port 3005
2022-09-13 23:28:52 info: 🎮 http://localhost:3005/graphql
2022-09-13 23:28:52 info: =================================
2022-09-13 23:28:54 info: =================================
2022-09-13 23:28:54 info: ======= ENV: development =======
2022-09-13 23:28:54 info: 🚀 App listening on the port 3005
2022-09-13 23:28:54 info: 🎮 http://localhost:3005/graphql
2022-09-13 23:28:54 info: =================================
2022-09-13 23:29:17 info: =================================
2022-09-13 23:29:17 info: ======= ENV: development =======
2022-09-13 23:29:17 info: 🚀 App listening on the port 3005
2022-09-13 23:29:17 info: 🎮 http://localhost:3005/graphql
2022-09-13 23:29:17 info: =================================
2022-09-13 23:29:23 info: authMiddleware
2022-09-13 23:29:23 info: 
    query IntrospectionQuery {
      __schema {
        
        queryType { name }
        mutationType { name }
        subscriptionType { name }
        types {
          ...FullType
        }
        directives {
          name
          description
          
          locations
          args {
            ...InputValue
          }
        }
      }
    }

    fragment FullType on __Type {
      kind
      name
      description
      
      fields(includeDeprecated: true) {
        name
        description
        args {
          ...InputValue
        }
        type {
          ...TypeRef
        }
        isDeprecated
        deprecationReason
      }
      inputFields {
        ...InputValue
      }
      interfaces {
        ...TypeRef
      }
      enumValues(includeDeprecated: true) {
        name
        description
        isDeprecated
        deprecationReason
      }
      possibleTypes {
        ...TypeRef
      }
    }

    fragment InputValue on __InputValue {
      name
      description
      type { ...TypeRef }
      defaultValue
      
      
    }

    fragment TypeRef on __Type {
      kind
      name
      ofType {
        kind
        name
        ofType {
          kind
          name
          ofType {
            kind
            name
            ofType {
              kind
              name
              ofType {
                kind
                name
                ofType {
                  kind
                  name
                  ofType {
                    kind
                    name
                  }
                }
              }
            }
          }
        }
      }
    }
  
2022-09-13 23:29:23 info: authMiddleware
2022-09-13 23:29:23 info: 
    query IntrospectionQuery {
      __schema {
        
        queryType { name }
        mutationType { name }
        subscriptionType { name }
        types {
          ...FullType
        }
        directives {
          name
          description
          
          locations
          args(includeDeprecated: true) {
            ...InputValue
          }
        }
      }
    }

    fragment FullType on __Type {
      kind
      name
      description
      
      fields(includeDeprecated: true) {
        name
        description
        args(includeDeprecated: true) {
          ...InputValue
        }
        type {
          ...TypeRef
        }
        isDeprecated
        deprecationReason
      }
      inputFields(includeDeprecated: true) {
        ...InputValue
      }
      interfaces {
        ...TypeRef
      }
      enumValues(includeDeprecated: true) {
        name
        description
        isDeprecated
        deprecationReason
      }
      possibleTypes {
        ...TypeRef
      }
    }

    fragment InputValue on __InputValue {
      name
      description
      type { ...TypeRef }
      defaultValue
      isDeprecated
      deprecationReason
    }

    fragment TypeRef on __Type {
      kind
      name
      ofType {
        kind
        name
        ofType {
          kind
          name
          ofType {
            kind
            name
            ofType {
              kind
              name
              ofType {
                kind
                name
                ofType {
                  kind
                  name
                  ofType {
                    kind
                    name
                  }
                }
              }
            }
          }
        }
      }
    }
  
2022-09-13 23:31:56 info: =================================
2022-09-13 23:31:56 info: ======= ENV: development =======
2022-09-13 23:31:56 info: 🚀 App listening on the port 3005
2022-09-13 23:31:56 info: 🎮 http://localhost:3005/graphql
2022-09-13 23:31:56 info: =================================
2022-09-13 23:32:54 info: =================================
2022-09-13 23:32:54 info: ======= ENV: development =======
2022-09-13 23:32:54 info: 🚀 App listening on the port 3005
2022-09-13 23:32:54 info: 🎮 http://localhost:3005/graphql
2022-09-13 23:32:54 info: =================================
2022-09-13 23:33:16 info: =================================
2022-09-13 23:33:16 info: ======= ENV: development =======
2022-09-13 23:33:16 info: 🚀 App listening on the port 3005
2022-09-13 23:33:16 info: 🎮 http://localhost:3005/graphql
2022-09-13 23:33:16 info: =================================
2022-09-13 23:34:17 info: =================================
2022-09-13 23:34:17 info: ======= ENV: development =======
2022-09-13 23:34:17 info: 🚀 App listening on the port 3005
2022-09-13 23:34:17 info: 🎮 http://localhost:3005/graphql
2022-09-13 23:34:17 info: =================================
2022-09-13 23:34:47 info: =================================
2022-09-13 23:34:47 info: ======= ENV: development =======
2022-09-13 23:34:47 info: 🚀 App listening on the port 3005
2022-09-13 23:34:47 info: 🎮 http://localhost:3005/graphql
2022-09-13 23:34:47 info: =================================
2022-09-13 23:35:43 info: =================================
2022-09-13 23:35:43 info: ======= ENV: development =======
2022-09-13 23:35:43 info: 🚀 App listening on the port 3005
2022-09-13 23:35:43 info: 🎮 http://localhost:3005/graphql
2022-09-13 23:35:43 info: =================================
2022-09-13 23:35:59 info: authMiddleware
2022-09-13 23:35:59 info: 
    query IntrospectionQuery {
      __schema {
        
        queryType { name }
        mutationType { name }
        subscriptionType { name }
        types {
          ...FullType
        }
        directives {
          name
          description
          
          locations
          args {
            ...InputValue
          }
        }
      }
    }

    fragment FullType on __Type {
      kind
      name
      description
      
      fields(includeDeprecated: true) {
        name
        description
        args {
          ...InputValue
        }
        type {
          ...TypeRef
        }
        isDeprecated
        deprecationReason
      }
      inputFields {
        ...InputValue
      }
      interfaces {
        ...TypeRef
      }
      enumValues(includeDeprecated: true) {
        name
        description
        isDeprecated
        deprecationReason
      }
      possibleTypes {
        ...TypeRef
      }
    }

    fragment InputValue on __InputValue {
      name
      description
      type { ...TypeRef }
      defaultValue
      
      
    }

    fragment TypeRef on __Type {
      kind
      name
      ofType {
        kind
        name
        ofType {
          kind
          name
          ofType {
            kind
            name
            ofType {
              kind
              name
              ofType {
                kind
                name
                ofType {
                  kind
                  name
                  ofType {
                    kind
                    name
                  }
                }
              }
            }
          }
        }
      }
    }
  
2022-09-13 23:35:59 info: authMiddleware
2022-09-13 23:35:59 info: 
    query IntrospectionQuery {
      __schema {
        
        queryType { name }
        mutationType { name }
        subscriptionType { name }
        types {
          ...FullType
        }
        directives {
          name
          description
          
          locations
          args(includeDeprecated: true) {
            ...InputValue
          }
        }
      }
    }

    fragment FullType on __Type {
      kind
      name
      description
      
      fields(includeDeprecated: true) {
        name
        description
        args(includeDeprecated: true) {
          ...InputValue
        }
        type {
          ...TypeRef
        }
        isDeprecated
        deprecationReason
      }
      inputFields(includeDeprecated: true) {
        ...InputValue
      }
      interfaces {
        ...TypeRef
      }
      enumValues(includeDeprecated: true) {
        name
        description
        isDeprecated
        deprecationReason
      }
      possibleTypes {
        ...TypeRef
      }
    }

    fragment InputValue on __InputValue {
      name
      description
      type { ...TypeRef }
      defaultValue
      isDeprecated
      deprecationReason
    }

    fragment TypeRef on __Type {
      kind
      name
      ofType {
        kind
        name
        ofType {
          kind
          name
          ofType {
            kind
            name
            ofType {
              kind
              name
              ofType {
                kind
                name
                ofType {
                  kind
                  name
                  ofType {
                    kind
                    name
                  }
                }
              }
            }
          }
        }
      }
    }
  
2022-09-13 23:36:01 info: authMiddleware
2022-09-13 23:36:01 info: 
    query IntrospectionQuery {
      __schema {
        
        queryType { name }
        mutationType { name }
        subscriptionType { name }
        types {
          ...FullType
        }
        directives {
          name
          description
          
          locations
          args {
            ...InputValue
          }
        }
      }
    }

    fragment FullType on __Type {
      kind
      name
      description
      
      fields(includeDeprecated: true) {
        name
        description
        args {
          ...InputValue
        }
        type {
          ...TypeRef
        }
        isDeprecated
        deprecationReason
      }
      inputFields {
        ...InputValue
      }
      interfaces {
        ...TypeRef
      }
      enumValues(includeDeprecated: true) {
        name
        description
        isDeprecated
        deprecationReason
      }
      possibleTypes {
        ...TypeRef
      }
    }

    fragment InputValue on __InputValue {
      name
      description
      type { ...TypeRef }
      defaultValue
      
      
    }

    fragment TypeRef on __Type {
      kind
      name
      ofType {
        kind
        name
        ofType {
          kind
          name
          ofType {
            kind
            name
            ofType {
              kind
              name
              ofType {
                kind
                name
                ofType {
                  kind
                  name
                  ofType {
                    kind
                    name
                  }
                }
              }
            }
          }
        }
      }
    }
  
2022-09-13 23:36:01 info: authMiddleware
2022-09-13 23:36:01 info: 
    query IntrospectionQuery {
      __schema {
        
        queryType { name }
        mutationType { name }
        subscriptionType { name }
        types {
          ...FullType
        }
        directives {
          name
          description
          
          locations
          args(includeDeprecated: true) {
            ...InputValue
          }
        }
      }
    }

    fragment FullType on __Type {
      kind
      name
      description
      
      fields(includeDeprecated: true) {
        name
        description
        args(includeDeprecated: true) {
          ...InputValue
        }
        type {
          ...TypeRef
        }
        isDeprecated
        deprecationReason
      }
      inputFields(includeDeprecated: true) {
        ...InputValue
      }
      interfaces {
        ...TypeRef
      }
      enumValues(includeDeprecated: true) {
        name
        description
        isDeprecated
        deprecationReason
      }
      possibleTypes {
        ...TypeRef
      }
    }

    fragment InputValue on __InputValue {
      name
      description
      type { ...TypeRef }
      defaultValue
      isDeprecated
      deprecationReason
    }

    fragment TypeRef on __Type {
      kind
      name
      ofType {
        kind
        name
        ofType {
          kind
          name
          ofType {
            kind
            name
            ofType {
              kind
              name
              ofType {
                kind
                name
                ofType {
                  kind
                  name
                  ofType {
                    kind
                    name
                  }
                }
              }
            }
          }
        }
      }
    }
  
2022-09-13 23:36:08 info: =================================
2022-09-13 23:36:08 info: ======= ENV: development =======
2022-09-13 23:36:08 info: 🚀 App listening on the port 3005
2022-09-13 23:36:08 info: 🎮 http://localhost:3005/graphql
2022-09-13 23:36:08 info: =================================
2022-09-13 23:37:47 info: =================================
2022-09-13 23:37:47 info: ======= ENV: development =======
2022-09-13 23:37:47 info: 🚀 App listening on the port 3005
2022-09-13 23:37:47 info: 🎮 http://localhost:3005/graphql
2022-09-13 23:37:47 info: =================================
2022-09-13 23:39:17 info: authMiddleware
2022-09-13 23:39:18 info: mutation Mutation($raffleData: RaffleDto!) {
  createRaffle(raffleData: $raffleData) {
  description  
  id
  name
  }
}
2022-09-13 23:40:10 info: authMiddleware
2022-09-13 23:40:10 info: mutation Mutation($raffleData: RaffleDto!) {
  createRaffle(raffleData: $raffleData) {
  description  
  id
  name
  }
}
2022-09-13 23:40:21 info: authMiddleware
2022-09-13 23:40:21 info: mutation Mutation($raffleData: RaffleDto!) {
  createRaffle(raffleData: $raffleData) {
  description  
  id
  name
  }
}
2022-09-13 23:40:26 info: authMiddleware
2022-09-13 23:40:26 info: mutation Mutation($raffleData: RaffleDto!) {
  createRaffle(raffleData: $raffleData) {
  description  
  id
  name
  }
}
2022-09-13 23:40:26 info: authMiddleware
2022-09-13 23:40:26 info: mutation Mutation($raffleData: RaffleDto!) {
  createRaffle(raffleData: $raffleData) {
  description  
  id
  name
  }
}
2022-09-13 23:40:27 info: authMiddleware
2022-09-13 23:40:27 info: mutation Mutation($raffleData: RaffleDto!) {
  createRaffle(raffleData: $raffleData) {
  description  
  id
  name
  }
}
2022-09-13 23:40:27 info: authMiddleware
2022-09-13 23:40:27 info: mutation Mutation($raffleData: RaffleDto!) {
  createRaffle(raffleData: $raffleData) {
  description  
  id
  name
  }
}
2022-09-13 23:40:27 info: authMiddleware
2022-09-13 23:40:27 info: mutation Mutation($raffleData: RaffleDto!) {
  createRaffle(raffleData: $raffleData) {
  description  
  id
  name
  }
}
2022-09-13 23:40:28 info: authMiddleware
2022-09-13 23:40:28 info: mutation Mutation($raffleData: RaffleDto!) {
  createRaffle(raffleData: $raffleData) {
  description  
  id
  name
  }
}
2022-09-13 23:40:28 info: authMiddleware
2022-09-13 23:40:28 info: mutation Mutation($raffleData: RaffleDto!) {
  createRaffle(raffleData: $raffleData) {
  description  
  id
  name
  }
}
2022-09-13 23:40:28 info: authMiddleware
2022-09-13 23:40:28 info: mutation Mutation($raffleData: RaffleDto!) {
  createRaffle(raffleData: $raffleData) {
  description  
  id
  name
  }
}
2022-09-13 23:40:28 info: authMiddleware
2022-09-13 23:40:28 info: mutation Mutation($raffleData: RaffleDto!) {
  createRaffle(raffleData: $raffleData) {
  description  
  id
  name
  }
}
2022-09-13 23:40:28 info: authMiddleware
2022-09-13 23:40:28 info: mutation Mutation($raffleData: RaffleDto!) {
  createRaffle(raffleData: $raffleData) {
  description  
  id
  name
  }
}
